#
# A fatal error has been detected by the Java Runtime Environment:
#
#  SIGSEGV (0xb) at pc=0x00007f9007487e19, pid=7844, tid=140259202447104
#
# JRE version: Java(TM) SE Runtime Environment (8.0_91-b14) (build 1.8.0_91-b14)
# Java VM: Java HotSpot(TM) 64-Bit Server VM (25.91-b14 mixed mode linux-amd64 compressed oops)
# Problematic frame:
# C  [libmkl_avx2.so+0x6e9e19]  mkl_blas_avx2_sgemm_scopy_down4_no+0x119
#
# Failed to write core dump. Core dumps have been disabled. To enable core dumping, try "ulimit -c unlimited" before starting Java again
#
# If you would like to submit a bug report, please visit:
#   http://bugreport.java.com/bugreport/crash.jsp
# The crash happened outside the Java Virtual Machine in native code.
# See problematic frame for where to report the bug.
#

---------------  T H R E A D  ---------------

Current thread (0x00007f909c012800):  JavaThread "main" [_thread_in_native, id=7845, stack(0x00007f90a3e03000,0x00007f90a3f04000)]

siginfo: si_signo: 11 (SIGSEGV), si_code: 2 (SEGV_ACCERR), si_addr: 0x00007f909ff13f90

Registers:
RAX=0x00007f909cfc8990, RBX=0x00007f909ff13f90, RCX=0x00000000000000c0, RDX=0x0000000000004000
RSP=0x00007f90a3efd548, RBP=0x00007f90a3efd730, RSI=0x0000000000000bf0, RDI=0x00007f90a3efd760
R8 =0x0000000000000180, R9 =0x0000000000000300, R10=0x00007f908a1744e0, R11=0x0000000000000180
R12=0x00007f90a3efd771, R13=0x0000000000000180, R14=0x0000000000000057, R15=0x0000000000000c00
RIP=0x00007f9007487e19, EFLAGS=0x0000000000010202, CSGSFS=0x6a5f000000000033, ERR=0x0000000000000004
  TRAPNO=0x000000000000000e

Top of Stack: (sp=0x00007f90a3efd548)
0x00007f90a3efd548:   0000000080880d68 00007f90a3efd7f0
0x00007f90a3efd558:   00007f90a3efd730 00007f90a3efd760
0x00007f90a3efd568:   00007f90a3efd770 00007f90a3efd771
0x00007f90a3efd578:   00007f90a3efd7e8 0000000000000001
0x00007f90a3efd588:   00007f90a3efd770 00007f90a3efd760
0x00007f90a3efd598:   00007f90a3efd770 00007f90a3efd771
0x00007f90a3efd5a8:   00007f90a3efd7e8 00007f90a3efd6b0
0x00007f90a3efd5b8:   00007f90a3efd8ec 00007f909fd6ff90
0x00007f90a3efd5c8:   00007f90a3efd798 00007f909cfc8300
0x00007f90a3efd5d8:   00007f90a3efd768 00007f90a3efd7e0
0x00007f90a3efd5e8:   00007f90a3efd7f0 00007f908a174500
0x00007f90a3efd5f8:   00007f90a3efd868 0000000000000001
0x00007f90a3efd608:   00007f90a3efd7f0 00007f90a3efd7e0
0x00007f90a3efd618:   7f909fd6ff90d7f0 0000000000c00000
0x00007f90a3efd628:   00007f908a170000 00007f90a3efd730
0x00007f90a3efd638:   00007f9007368071 00007f909fd6ff90
0x00007f90a3efd648:   00007f90a3efd798 00007f909cfc8300
0x00007f90a3efd658:   00007f90a3efd768 00007f908a1744e0
0x00007f90a3efd668:   00007f90a3efd8d0 00007f90a3efd8ec
0x00007f90a3efd678:   00007f90a3efd910 00007f90a3efd921
0x00007f90a3efd688:   00007f90a3efd8e0 00007f90a3efd760
0x00007f90a3efd698:   00007f90a3efd920 00007f90a3efdb98
0x00007f90a3efd6a8:   00007f90a3efd910 0000000000000180
0x00007f90a3efd6b8:   00007f90a3efe038 00007f90a3efd910
0x00007f90a3efd6c8:   00007f90a3efd920 0000000000000180
0x00007f90a3efd6d8:   00007f90a3efd818 00007f90a3efd830
0x00007f90a3efd6e8:   00007f90a3efe038 00007f9018001010
0x00007f90a3efd6f8:   00000000000000c0 0000000000000180
0x00007f90a3efd708:   0000000000000000 00007f90a3efda00
0x00007f90a3efd718:   00007f90a3efdaf0 00007f90a3efd920
0x00007f90a3efd728:   00007f90a3efdaf0 00007f90a3efd920
0x00007f90a3efd738:   00007f90073af100 00007f909fd6ff90 

Instructions: (pc=0x00007f9007487e19)
0x00007f9007487df9:   72 f7 1e c4 41 09 74 f6 c4 c1 0d 72 f6 1e c4 41
0x00007f9007487e09:   0c 57 ff 90 90 90 90 0f 18 48 10 0f 18 4c 30 10
0x00007f9007487e19:   c5 fc 10 0b c4 e2 0d 2e 08 c4 e2 05 2e 0c 30 48
0x00007f9007487e29:   83 c0 10 48 01 d3 49 83 ee 01 7f db 4c 8b b4 24 

Register to memory mapping:

RAX=0x00007f909cfc8990 is an unknown value
RBX=0x00007f909ff13f90 is an unknown value
RCX=0x00000000000000c0 is an unknown value
RDX=0x0000000000004000 is an unknown value
RSP=0x00007f90a3efd548 is pointing into the stack for thread: 0x00007f909c012800
RBP=0x00007f90a3efd730 is pointing into the stack for thread: 0x00007f909c012800
RSI=0x0000000000000bf0 is an unknown value
RDI=0x00007f90a3efd760 is pointing into the stack for thread: 0x00007f909c012800
R8 =0x0000000000000180 is an unknown value
R9 =0x0000000000000300 is an unknown value
R10=0x00007f908a1744e0 is pointing into metadata
R11=0x0000000000000180 is an unknown value
R12=0x00007f90a3efd771 is pointing into the stack for thread: 0x00007f909c012800
R13=0x0000000000000180 is an unknown value
R14=0x0000000000000057 is an unknown value
R15=0x0000000000000c00 is an unknown value


Stack: [0x00007f90a3e03000,0x00007f90a3f04000],  sp=0x00007f90a3efd548,  free space=1001k
Native frames: (J=compiled Java code, j=interpreted, Vv=VM code, C=native code)
C  [libmkl_avx2.so+0x6e9e19]  mkl_blas_avx2_sgemm_scopy_down4_no+0x119
C  [libmkl_avx2.so+0x611100]  mkl_blas_avx2_sgemm_copybt+0x60
C  [libmkl_gnu_thread.so+0x21e216]  omp_parallel_acopy+0x6d6
C  0x0000000000001000

Java frames: (J=compiled Java code, j=interpreted, Vv=VM code)
J 1094  org.nd4j.nativeblas.Nd4jBlas.sgemm(Lorg/bytedeco/javacpp/PointerPointer;IIIIIIFLorg/bytedeco/javacpp/Pointer;ILorg/bytedeco/javacpp/Pointer;IFLorg/bytedeco/javacpp/Pointer;I)V (0 bytes) @ 0x00007f908d437f85 [0x00007f908d437ec0+0xc5]
J 1093 C1 org.nd4j.linalg.cpu.nativecpu.blas.CpuLevel3.sgemm(CCCIIIFLorg/nd4j/linalg/api/ndarray/INDArray;ILorg/nd4j/linalg/api/ndarray/INDArray;IFLorg/nd4j/linalg/api/ndarray/INDArray;I)V (67 bytes) @ 0x00007f908d4376bc [0x00007f908d437060+0x65c]
J 1092 C1 org.nd4j.linalg.api.blas.impl.BaseLevel3.gemm(CCCDLorg/nd4j/linalg/api/ndarray/INDArray;Lorg/nd4j/linalg/api/ndarray/INDArray;DLorg/nd4j/linalg/api/ndarray/INDArray;)V (238 bytes) @ 0x00007f908d43a71c [0x00007f908d43a040+0x6dc]
J 1079 C1 org.nd4j.linalg.api.ndarray.BaseNDArray.mmuli(Lorg/nd4j/linalg/api/ndarray/INDArray;Lorg/nd4j/linalg/api/ndarray/INDArray;)Lorg/nd4j/linalg/api/ndarray/INDArray; (246 bytes) @ 0x00007f908d423f9c [0x00007f908d420a80+0x351c]
J 1078 C1 org.nd4j.linalg.api.ndarray.BaseNDArray.mmul(Lorg/nd4j/linalg/api/ndarray/INDArray;)Lorg/nd4j/linalg/api/ndarray/INDArray; (57 bytes) @ 0x00007f908d41f53c [0x00007f908d41e6e0+0xe5c]
J 1124 C1 performTest.NDArrayMathTest.addMV(ILorg/nd4j/linalg/api/ndarray/INDArray;Lorg/nd4j/linalg/api/ndarray/INDArray;Lorg/nd4j/linalg/api/ndarray/INDArray;)Lorg/nd4j/linalg/api/ndarray/INDArray; (23 bytes) @ 0x00007f908d44eb5c [0x00007f908d44ea40+0x11c]
j  performTest.NDArrayMathTest.testMatrixOperation(LperformTest/NDArrayMathTest$Operation;Lorg/nd4j/linalg/api/ndarray/INDArray;Lorg/nd4j/linalg/api/ndarray/INDArray;Ljava/lang/String;I)V+137
j  performTest.NDArrayMathTest.testMath()V+269
j  DL4JTest.testMath()V+7
v  ~StubRoutines::call_stub
j  sun.reflect.NativeMethodAccessorImpl.invoke0(Ljava/lang/reflect/Method;Ljava/lang/Object;[Ljava/lang/Object;)Ljava/lang/Object;+0
j  sun.reflect.NativeMethodAccessorImpl.invoke(Ljava/lang/Object;[Ljava/lang/Object;)Ljava/lang/Object;+100
j  sun.reflect.DelegatingMethodAccessorImpl.invoke(Ljava/lang/Object;[Ljava/lang/Object;)Ljava/lang/Object;+6
j  java.lang.reflect.Method.invoke(Ljava/lang/Object;[Ljava/lang/Object;)Ljava/lang/Object;+56
j  junit.framework.TestCase.runTest()V+107
j  junit.framework.TestCase.runBare()V+7
j  junit.framework.TestResult$1.protect()V+4
j  junit.framework.TestResult.runProtected(Ljunit/framework/Test;Ljunit/framework/Protectable;)V+1
j  junit.framework.TestResult.run(Ljunit/framework/TestCase;)V+18
j  junit.framework.TestCase.run(Ljunit/framework/TestResult;)V+2
j  junit.framework.TestSuite.runTest(Ljunit/framework/Test;Ljunit/framework/TestResult;)V+2
j  junit.framework.TestSuite.run(Ljunit/framework/TestResult;)V+40
j  org.junit.internal.runners.JUnit38ClassRunner.run(Lorg/junit/runner/notification/RunNotifier;)V+22
j  org.junit.runner.JUnitCore.run(Lorg/junit/runner/Runner;)Lorg/junit/runner/Result;+37
j  com.intellij.junit4.JUnit4IdeaTestRunner.startRunnerWithArgs([Ljava/lang/String;Ljava/util/ArrayList;Ljava/lang/String;Z)Lorg/junit/runner/Result;+158
j  com.intellij.junit4.JUnit4IdeaTestRunner.startRunnerWithArgs([Ljava/lang/String;Ljava/util/ArrayList;Ljava/lang/String;IZ)I+12
j  com.intellij.rt.execution.junit.JUnitStarter.prepareStreamsAndStart([Ljava/lang/String;ZLjava/util/ArrayList;Ljava/lang/String;)I+288
j  com.intellij.rt.execution.junit.JUnitStarter.main([Ljava/lang/String;)V+106
v  ~StubRoutines::call_stub
j  sun.reflect.NativeMethodAccessorImpl.invoke0(Ljava/lang/reflect/Method;Ljava/lang/Object;[Ljava/lang/Object;)Ljava/lang/Object;+0
j  sun.reflect.NativeMethodAccessorImpl.invoke(Ljava/lang/Object;[Ljava/lang/Object;)Ljava/lang/Object;+100
j  sun.reflect.DelegatingMethodAccessorImpl.invoke(Ljava/lang/Object;[Ljava/lang/Object;)Ljava/lang/Object;+6
j  java.lang.reflect.Method.invoke(Ljava/lang/Object;[Ljava/lang/Object;)Ljava/lang/Object;+56
j  com.intellij.rt.execution.application.AppMain.main([Ljava/lang/String;)V+180
v  ~StubRoutines::call_stub

---------------  P R O C E S S  ---------------

Java Threads: ( => current thread )
  0x00007f909ca4c000 JavaThread "JavaCPP Deallocator" daemon [_thread_blocked, id=7876, stack(0x00007f908246c000,0x00007f908256d000)]
  0x00007f909c114800 JavaThread "Monitor Ctrl-Break" daemon [_thread_in_native, id=7874, stack(0x00007f9082c11000,0x00007f9082d12000)]
  0x00007f909c0dd000 JavaThread "Service Thread" daemon [_thread_blocked, id=7872, stack(0x00007f9083015000,0x00007f9083116000)]
  0x00007f909c0d1800 JavaThread "C1 CompilerThread3" daemon [_thread_blocked, id=7871, stack(0x00007f9083116000,0x00007f9083217000)]
  0x00007f909c0cf800 JavaThread "C2 CompilerThread2" daemon [_thread_blocked, id=7870, stack(0x00007f9083217000,0x00007f9083318000)]
  0x00007f909c0ce000 JavaThread "C2 CompilerThread1" daemon [_thread_blocked, id=7869, stack(0x00007f9083318000,0x00007f9083419000)]
  0x00007f909c0cb000 JavaThread "C2 CompilerThread0" daemon [_thread_blocked, id=7868, stack(0x00007f9083419000,0x00007f908351a000)]
  0x00007f909c0c9800 JavaThread "Signal Dispatcher" daemon [_thread_blocked, id=7867, stack(0x00007f908351a000,0x00007f908361b000)]
  0x00007f909c095000 JavaThread "Finalizer" daemon [_thread_blocked, id=7859, stack(0x00007f9083cfd000,0x00007f9083dfe000)]
  0x00007f909c090800 JavaThread "Reference Handler" daemon [_thread_blocked, id=7858, stack(0x00007f9083dfe000,0x00007f9083eff000)]
=>0x00007f909c012800 JavaThread "main" [_thread_in_native, id=7845, stack(0x00007f90a3e03000,0x00007f90a3f04000)]

Other Threads:
  0x00007f909c089000 VMThread [stack: 0x00007f9083eff000,0x00007f9084000000] [id=7857]
  0x00007f909c0e0000 WatcherThread [stack: 0x00007f9082f14000,0x00007f9083015000] [id=7873]

VM state:not at safepoint (normal execution)

VM Mutex/Monitor currently owned by a thread: None

Heap:
 PSYoungGen      total 150016K, used 2451K [0x0000000719100000, 0x0000000723800000, 0x00000007c0000000)
  eden space 129024K, 1% used [0x0000000719100000,0x0000000719364c30,0x0000000720f00000)
  from space 20992K, 0% used [0x0000000720f00000,0x0000000720f00000,0x0000000722380000)
  to   space 20992K, 0% used [0x0000000722380000,0x0000000722380000,0x0000000723800000)
 ParOldGen       total 343040K, used 2543K [0x00000005cb200000, 0x00000005e0100000, 0x0000000719100000)
  object space 343040K, 0% used [0x00000005cb200000,0x00000005cb47bcf8,0x00000005e0100000)
 Metaspace       used 11079K, capacity 11219K, committed 11392K, reserved 1058816K
  class space    used 1248K, capacity 1295K, committed 1408K, reserved 1048576K

Card table byte_map: [0x00007f908c058000,0x00007f908d000000] byte_map_base: 0x00007f90891ff000

Marking Bits: (ParMarkBitMap*) 0x00007f90a30bcd60
 Begin Bits: [0x00007f9054590000, 0x00007f905c2c8000)
 End Bits:   [0x00007f905c2c8000, 0x00007f9064000000)

Polling page: 0x00007f90a3f27000

CodeCache: size=245760Kb used=4481Kb max_used=4494Kb free=241278Kb
 bounds [0x00007f908d000000, 0x00007f908d470000, 0x00007f909c000000]
 total_blobs=1605 nmethods=1141 adapters=377
 compilation: enabled

Compilation events (10 events):
Event: 65.741 Thread 0x00007f909c0ce000 1137   !   4       org.bytedeco.javacpp.Pointer::deallocator (267 bytes)
Event: 65.741 Thread 0x00007f909c0cb000 1138       4       org.bytedeco.javacpp.Pointer::init (52 bytes)
Event: 65.744 Thread 0x00007f909c0ce000 nmethod 1137 0x00007f908d451650 code [0x00007f908d451800, 0x00007f908d451d28]
Event: 65.750 Thread 0x00007f909c0cb000 nmethod 1138 0x00007f908d462950 code [0x00007f908d462b80, 0x00007f908d463750]
Event: 65.750 Thread 0x00007f909c0d1800 1139       3       org.nd4j.linalg.api.ops.BaseScalarOp::<init> (45 bytes)
Event: 65.751 Thread 0x00007f909c0d1800 nmethod 1139 0x00007f908d454ad0 code [0x00007f908d454c80, 0x00007f908d455328]
Event: 65.751 Thread 0x00007f909c0ce000 1140       4       org.nd4j.linalg.api.ndarray.BaseNDArray::rows (46 bytes)
Event: 65.753 Thread 0x00007f909c0ce000 nmethod 1140 0x00007f908d466110 code [0x00007f908d4662e0, 0x00007f908d466778]
Event: 65.754 Thread 0x00007f909c0cf800 1141       4       java.util.concurrent.ConcurrentHashMap::get (162 bytes)
Event: 65.759 Thread 0x00007f909c0cf800 nmethod 1141 0x00007f908d467010 code [0x00007f908d4671e0, 0x00007f908d467a68]

GC Heap History (10 events):
Event: 20.948 GC heap before
{Heap before GC invocations=2 (full 1):
 PSYoungGen      total 150016K, used 9308K [0x0000000719100000, 0x0000000723800000, 0x00000007c0000000)
  eden space 129024K, 0% used [0x0000000719100000,0x0000000719100000,0x0000000720f00000)
  from space 20992K, 44% used [0x0000000720f00000,0x00000007218171c0,0x0000000722380000)
  to   space 20992K, 0% used [0x0000000722380000,0x0000000722380000,0x0000000723800000)
 ParOldGen       total 343040K, used 8K [0x00000005cb200000, 0x00000005e0100000, 0x0000000719100000)
  object space 343040K, 0% used [0x00000005cb200000,0x00000005cb202000,0x00000005e0100000)
 Metaspace       used 11040K, capacity 11155K, committed 11392K, reserved 1058816K
  class space    used 1248K, capacity 1295K, committed 1408K, reserved 1048576K
Event: 20.970 GC heap after
Heap after GC invocations=2 (full 1):
 PSYoungGen      total 150016K, used 0K [0x0000000719100000, 0x0000000723800000, 0x00000007c0000000)
  eden space 129024K, 0% used [0x0000000719100000,0x0000000719100000,0x0000000720f00000)
  from space 20992K, 0% used [0x0000000720f00000,0x0000000720f00000,0x0000000722380000)
  to   space 20992K, 0% used [0x0000000722380000,0x0000000722380000,0x0000000723800000)
 ParOldGen       total 343040K, used 8663K [0x00000005cb200000, 0x00000005e0100000, 0x0000000719100000)
  object space 343040K, 2% used [0x00000005cb200000,0x00000005cba75c10,0x00000005e0100000)
 Metaspace       used 11040K, capacity 11155K, committed 11392K, reserved 1058816K
  class space    used 1248K, capacity 1295K, committed 1408K, reserved 1048576K
}
Event: 39.557 GC heap before
{Heap before GC invocations=3 (full 1):
 PSYoungGen      total 150016K, used 6321K [0x0000000719100000, 0x0000000723800000, 0x00000007c0000000)
  eden space 129024K, 4% used [0x0000000719100000,0x000000071972c758,0x0000000720f00000)
  from space 20992K, 0% used [0x0000000720f00000,0x0000000720f00000,0x0000000722380000)
  to   space 20992K, 0% used [0x0000000722380000,0x0000000722380000,0x0000000723800000)
 ParOldGen       total 343040K, used 8663K [0x00000005cb200000, 0x00000005e0100000, 0x0000000719100000)
  object space 343040K, 2% used [0x00000005cb200000,0x00000005cba75c10,0x00000005e0100000)
 Metaspace       used 11071K, capacity 11219K, committed 11392K, reserved 1058816K
  class space    used 1248K, capacity 1295K, committed 1408K, reserved 1048576K
Event: 39.562 GC heap after
Heap after GC invocations=3 (full 1):
 PSYoungGen      total 150016K, used 256K [0x0000000719100000, 0x0000000723800000, 0x00000007c0000000)
  eden space 129024K, 0% used [0x0000000719100000,0x0000000719100000,0x0000000720f00000)
  from space 20992K, 1% used [0x0000000722380000,0x00000007223c0000,0x0000000723800000)
  to   space 20992K, 0% used [0x0000000720f00000,0x0000000720f00000,0x0000000722380000)
 ParOldGen       total 343040K, used 8671K [0x00000005cb200000, 0x00000005e0100000, 0x0000000719100000)
  object space 343040K, 2% used [0x00000005cb200000,0x00000005cba77c10,0x00000005e0100000)
 Metaspace       used 11071K, capacity 11219K, committed 11392K, reserved 1058816K
  class space    used 1248K, capacity 1295K, committed 1408K, reserved 1048576K
}
Event: 39.562 GC heap before
{Heap before GC invocations=4 (full 2):
 PSYoungGen      total 150016K, used 256K [0x0000000719100000, 0x0000000723800000, 0x00000007c0000000)
  eden space 129024K, 0% used [0x0000000719100000,0x0000000719100000,0x0000000720f00000)
  from space 20992K, 1% used [0x0000000722380000,0x00000007223c0000,0x0000000723800000)
  to   space 20992K, 0% used [0x0000000720f00000,0x0000000720f00000,0x0000000722380000)
 ParOldGen       total 343040K, used 8671K [0x00000005cb200000, 0x00000005e0100000, 0x0000000719100000)
  object space 343040K, 2% used [0x00000005cb200000,0x00000005cba77c10,0x00000005e0100000)
 Metaspace       used 11071K, capacity 11219K, committed 11392K, reserved 1058816K
  class space    used 1248K, capacity 1295K, committed 1408K, reserved 1048576K
Event: 39.581 GC heap after
Heap after GC invocations=4 (full 2):
 PSYoungGen      total 150016K, used 0K [0x0000000719100000, 0x0000000723800000, 0x00000007c0000000)
  eden space 129024K, 0% used [0x0000000719100000,0x0000000719100000,0x0000000720f00000)
  from space 20992K, 0% used [0x0000000722380000,0x0000000722380000,0x0000000723800000)
  to   space 20992K, 0% used [0x0000000720f00000,0x0000000720f00000,0x0000000722380000)
 ParOldGen       total 343040K, used 2454K [0x00000005cb200000, 0x00000005e0100000, 0x0000000719100000)
  object space 343040K, 0% used [0x00000005cb200000,0x00000005cb4659e8,0x00000005e0100000)
 Metaspace       used 11071K, capacity 11219K, committed 11392K, reserved 1058816K
  class space    used 1248K, capacity 1295K, committed 1408K, reserved 1048576K
}
Event: 58.283 GC heap before
{Heap before GC invocations=5 (full 2):
 PSYoungGen      total 150016K, used 3741K [0x0000000719100000, 0x0000000723800000, 0x00000007c0000000)
  eden space 129024K, 2% used [0x0000000719100000,0x00000007194a7538,0x0000000720f00000)
  from space 20992K, 0% used [0x0000000722380000,0x0000000722380000,0x0000000723800000)
  to   space 20992K, 0% used [0x0000000720f00000,0x0000000720f00000,0x0000000722380000)
 ParOldGen       total 343040K, used 2454K [0x00000005cb200000, 0x00000005e0100000, 0x0000000719100000)
  object space 343040K, 0% used [0x00000005cb200000,0x00000005cb4659e8,0x00000005e0100000)
 Metaspace       used 11078K, capacity 11219K, committed 11392K, reserved 1058816K
  class space    used 1248K, capacity 1295K, committed 1408K, reserved 1048576K
Event: 58.286 GC heap after
Heap after GC invocations=5 (full 2):
 PSYoungGen      total 150016K, used 320K [0x0000000719100000, 0x0000000723800000, 0x00000007c0000000)
  eden space 129024K, 0% used [0x0000000719100000,0x0000000719100000,0x0000000720f00000)
  from space 20992K, 1% used [0x0000000720f00000,0x0000000720f50000,0x0000000722380000)
  to   space 20992K, 0% used [0x0000000722380000,0x0000000722380000,0x0000000723800000)
 ParOldGen       total 343040K, used 2462K [0x00000005cb200000, 0x00000005e0100000, 0x0000000719100000)
  object space 343040K, 0% used [0x00000005cb200000,0x00000005cb4679e8,0x00000005e0100000)
 Metaspace       used 11078K, capacity 11219K, committed 11392K, reserved 1058816K
  class space    used 1248K, capacity 1295K, committed 1408K, reserved 1048576K
}
Event: 58.286 GC heap before
{Heap before GC invocations=6 (full 3):
 PSYoungGen      total 150016K, used 320K [0x0000000719100000, 0x0000000723800000, 0x00000007c0000000)
  eden space 129024K, 0% used [0x0000000719100000,0x0000000719100000,0x0000000720f00000)
  from space 20992K, 1% used [0x0000000720f00000,0x0000000720f50000,0x0000000722380000)
  to   space 20992K, 0% used [0x0000000722380000,0x0000000722380000,0x0000000723800000)
 ParOldGen       total 343040K, used 2462K [0x00000005cb200000, 0x00000005e0100000, 0x0000000719100000)
  object space 343040K, 0% used [0x00000005cb200000,0x00000005cb4679e8,0x00000005e0100000)
 Metaspace       used 11078K, capacity 11219K, committed 11392K, reserved 1058816K
  class space    used 1248K, capacity 1295K, committed 1408K, reserved 1048576K
Event: 58.303 GC heap after
Heap after GC invocations=6 (full 3):
 PSYoungGen      total 150016K, used 0K [0x0000000719100000, 0x0000000723800000, 0x00000007c0000000)
  eden space 129024K, 0% used [0x0000000719100000,0x0000000719100000,0x0000000720f00000)
  from space 20992K, 0% used [0x0000000720f00000,0x0000000720f00000,0x0000000722380000)
  to   space 20992K, 0% used [0x0000000722380000,0x0000000722380000,0x0000000723800000)
 ParOldGen       total 343040K, used 2543K [0x00000005cb200000, 0x00000005e0100000, 0x0000000719100000)
  object space 343040K, 0% used [0x00000005cb200000,0x00000005cb47bcf8,0x00000005e0100000)
 Metaspace       used 11078K, capacity 11219K, committed 11392K, reserved 1058816K
  class space    used 1248K, capacity 1295K, committed 1408K, reserved 1048576K
}

Deoptimization events (10 events):
Event: 1.453 Thread 0x00007f909c012800 Uncommon trap: reason=class_check action=maybe_recompile pc=0x00007f908d3211b4 method=java.util.regex.Pattern$CharProperty.match(Ljava/util/regex/Matcher;ILjava/lang/CharSequence;)Z @ 18
Event: 1.453 Thread 0x00007f909c012800 Uncommon trap: reason=class_check action=maybe_recompile pc=0x00007f908d3211b4 method=java.util.regex.Pattern$CharProperty.match(Ljava/util/regex/Matcher;ILjava/lang/CharSequence;)Z @ 18
Event: 1.453 Thread 0x00007f909c012800 Uncommon trap: reason=class_check action=maybe_recompile pc=0x00007f908d3211b4 method=java.util.regex.Pattern$CharProperty.match(Ljava/util/regex/Matcher;ILjava/lang/CharSequence;)Z @ 18
Event: 1.453 Thread 0x00007f909c012800 Uncommon trap: reason=class_check action=maybe_recompile pc=0x00007f908d3211b4 method=java.util.regex.Pattern$CharProperty.match(Ljava/util/regex/Matcher;ILjava/lang/CharSequence;)Z @ 18
Event: 2.241 Thread 0x00007f909c012800 Uncommon trap: reason=unstable_if action=reinterpret pc=0x00007f908d35ace4 method=org.nd4j.linalg.api.rng.DefaultRandom.nextDouble(C[I)Lorg/nd4j/linalg/api/ndarray/INDArray; @ 27
Event: 20.972 Thread 0x00007f909c095000 Uncommon trap: reason=unstable_if action=reinterpret pc=0x00007f908d4004fc method=java.lang.ref.ReferenceQueue.poll()Ljava/lang/ref/Reference; @ 4
Event: 65.796 Thread 0x00007f909c012800 Uncommon trap: reason=unstable_if action=reinterpret pc=0x00007f908d415144 method=org.nd4j.linalg.api.ndarray.BaseNDArray.isScalar()Z @ 100
Event: 65.796 Thread 0x00007f909c012800 Uncommon trap: reason=unstable_if action=reinterpret pc=0x00007f908d438ad4 method=org.nd4j.linalg.api.ndarray.BaseNDArray.isMatrix()Z @ 30
Event: 65.796 Thread 0x00007f909c012800 Uncommon trap: reason=unstable_if action=reinterpret pc=0x00007f908d44c080 method=org.nd4j.linalg.api.ndarray.BaseNDArray.columns()I @ 4
Event: 65.796 Thread 0x00007f909c012800 Uncommon trap: reason=unstable_if action=reinterpret pc=0x00007f908d4665fc method=org.nd4j.linalg.api.ndarray.BaseNDArray.rows()I @ 4

Internal exceptions (10 events):
Event: 0.115 Thread 0x00007f909c012800 Exception <a 'java/io/FileNotFoundException'> (0x0000000719ac2d90) thrown at [/HUDSON/workspace/8-2-build-linux-amd64/jdk8u91/6644/hotspot/src/share/vm/prims/jni.cpp, line 709]
Event: 0.121 Thread 0x00007f909c012800 Exception <a 'java/security/PrivilegedActionException'> (0x0000000719b435a0) thrown at [/HUDSON/workspace/8-2-build-linux-amd64/jdk8u91/6644/hotspot/src/share/vm/prims/jvm.cpp, line 1386]
Event: 0.121 Thread 0x00007f909c012800 Exception <a 'java/security/PrivilegedActionException'> (0x0000000719b437b0) thrown at [/HUDSON/workspace/8-2-build-linux-amd64/jdk8u91/6644/hotspot/src/share/vm/prims/jvm.cpp, line 1386]
Event: 0.121 Thread 0x00007f909c012800 Exception <a 'java/security/PrivilegedActionException'> (0x0000000719b45b78) thrown at [/HUDSON/workspace/8-2-build-linux-amd64/jdk8u91/6644/hotspot/src/share/vm/prims/jvm.cpp, line 1386]
Event: 0.121 Thread 0x00007f909c012800 Exception <a 'java/security/PrivilegedActionException'> (0x0000000719b45d88) thrown at [/HUDSON/workspace/8-2-build-linux-amd64/jdk8u91/6644/hotspot/src/share/vm/prims/jvm.cpp, line 1386]
Event: 0.208 Thread 0x00007f909c012800 Exception <a 'java/io/FileNotFoundException'> (0x000000071a3fcfd0) thrown at [/HUDSON/workspace/8-2-build-linux-amd64/jdk8u91/6644/hotspot/src/share/vm/prims/jni.cpp, line 709]
Event: 1.335 Thread 0x00007f909c012800 Exception <a 'java/security/PrivilegedActionException'> (0x000000071b2eedb8) thrown at [/HUDSON/workspace/8-2-build-linux-amd64/jdk8u91/6644/hotspot/src/share/vm/prims/jvm.cpp, line 1386]
Event: 1.335 Thread 0x00007f909c012800 Exception <a 'java/security/PrivilegedActionException'> (0x000000071b2ef1b0) thrown at [/HUDSON/workspace/8-2-build-linux-amd64/jdk8u91/6644/hotspot/src/share/vm/prims/jvm.cpp, line 1386]
Event: 1.368 Thread 0x00007f909c012800 Exception <a 'java/lang/NoSuchFieldError': method resolution failed> (0x000000071b786cf0) thrown at [/HUDSON/workspace/8-2-build-linux-amd64/jdk8u91/6644/hotspot/src/share/vm/prims/methodHandles.cpp, line 1146]
Event: 1.370 Thread 0x00007f909c012800 Exception <a 'java/lang/NoSuchFieldError': method resolution failed> (0x000000071b7945c8) thrown at [/HUDSON/workspace/8-2-build-linux-amd64/jdk8u91/6644/hotspot/src/share/vm/prims/methodHandles.cpp, line 1146]

Events (10 events):
Event: 65.796 Thread 0x00007f909c012800 DEOPT UNPACKING pc=0x00007f908d005229 sp=0x00007f90a3f00d30 mode 2
Event: 65.796 Thread 0x00007f909c012800 Uncommon trap: trap_request=0xffffff65 fr.pc=0x00007f908d438ad4
Event: 65.796 Thread 0x00007f909c012800 DEOPT PACKING pc=0x00007f908d438ad4 sp=0x00007f90a3f00db0
Event: 65.796 Thread 0x00007f909c012800 DEOPT UNPACKING pc=0x00007f908d005229 sp=0x00007f90a3f00d80 mode 2
Event: 65.796 Thread 0x00007f909c012800 Uncommon trap: trap_request=0xffffff65 fr.pc=0x00007f908d44c080
Event: 65.796 Thread 0x00007f909c012800 DEOPT PACKING pc=0x00007f908d44c080 sp=0x00007f90a3f00e00
Event: 65.796 Thread 0x00007f909c012800 DEOPT UNPACKING pc=0x00007f908d005229 sp=0x00007f90a3f00dd0 mode 2
Event: 65.796 Thread 0x00007f909c012800 Uncommon trap: trap_request=0xffffff65 fr.pc=0x00007f908d4665fc
Event: 65.796 Thread 0x00007f909c012800 DEOPT PACKING pc=0x00007f908d4665fc sp=0x00007f90a3f00b50
Event: 65.796 Thread 0x00007f909c012800 DEOPT UNPACKING pc=0x00007f908d005229 sp=0x00007f90a3f00b20 mode 2


Dynamic libraries:
00400000-00401000 r-xp 00000000 08:02 38539218                           /usr/bin/jdk1.8.0_91/bin/java
00600000-00601000 rw-p 00000000 08:02 38539218                           /usr/bin/jdk1.8.0_91/bin/java
01d58000-01d79000 rw-p 00000000 00:00 0                                  [heap]
5cb200000-5e0100000 rw-p 00000000 00:00 0 
5e0100000-719100000 ---p 00000000 00:00 0 
719100000-723800000 rw-p 00000000 00:00 0 
723800000-7c0000000 ---p 00000000 00:00 0 
7c0000000-7c0160000 rw-p 00000000 00:00 0 
7c0160000-800000000 ---p 00000000 00:00 0 
7f8e3bfee000-7f8e3ffef000 rw-p 00000000 00:00 0 
7f8e94000000-7f8e97f01000 rw-p 00000000 00:00 0 
7f8e97f01000-7f8e98000000 ---p 00000000 00:00 0 
7f8f63fff000-7f8f68000000 rw-p 00000000 00:00 0 
7f8f68000000-7f8f6a7ee000 rw-p 00000000 00:00 0 
7f8f6a7ee000-7f8f6c000000 ---p 00000000 00:00 0 
7f8f6ffde000-7f8ff8000000 rw-p 00000000 00:00 0 
7f8ff8000000-7f8ff804b000 rw-p 00000000 00:00 0 
7f8ff804b000-7f8ffc000000 ---p 00000000 00:00 0 
7f8ffc000000-7f8ffc04b000 rw-p 00000000 00:00 0 
7f8ffc04b000-7f9000000000 ---p 00000000 00:00 0 
7f9000000000-7f900004b000 rw-p 00000000 00:00 0 
7f900004b000-7f9004000000 ---p 00000000 00:00 0 
7f90064a2000-7f9006d9e000 rw-p 00000000 00:00 0 
7f9006d9e000-7f9008b8f000 r-xp 00000000 08:02 2894493                    /opt/intel/compilers_and_libraries_2016.2.181/linux/mkl/lib/intel64_lin/libmkl_avx2.so
7f9008b8f000-7f9008d8e000 ---p 01df1000 08:02 2894493                    /opt/intel/compilers_and_libraries_2016.2.181/linux/mkl/lib/intel64_lin/libmkl_avx2.so
7f9008d8e000-7f9008d93000 r--p 01df0000 08:02 2894493                    /opt/intel/compilers_and_libraries_2016.2.181/linux/mkl/lib/intel64_lin/libmkl_avx2.so
7f9008d93000-7f9008d9a000 rw-p 01df5000 08:02 2894493                    /opt/intel/compilers_and_libraries_2016.2.181/linux/mkl/lib/intel64_lin/libmkl_avx2.so
7f9008d9a000-7f90094ea000 r-xp 00000000 08:02 2894489                    /opt/intel/compilers_and_libraries_2016.2.181/linux/mkl/lib/intel64_lin/libmkl_intel_lp64.so
7f90094ea000-7f90096ea000 ---p 00750000 08:02 2894489                    /opt/intel/compilers_and_libraries_2016.2.181/linux/mkl/lib/intel64_lin/libmkl_intel_lp64.so
7f90096ea000-7f90096eb000 r--p 00750000 08:02 2894489                    /opt/intel/compilers_and_libraries_2016.2.181/linux/mkl/lib/intel64_lin/libmkl_intel_lp64.so
7f90096eb000-7f90096fb000 rw-p 00751000 08:02 2894489                    /opt/intel/compilers_and_libraries_2016.2.181/linux/mkl/lib/intel64_lin/libmkl_intel_lp64.so
7f90096fb000-7f9009700000 rw-p 00000000 00:00 0 
7f9009700000-7f900a461000 r-xp 00000000 08:02 2897236                    /opt/intel/compilers_and_libraries_2016.2.181/linux/mkl/lib/intel64_lin/libmkl_gnu_thread.so
7f900a461000-7f900a661000 ---p 00d61000 08:02 2897236                    /opt/intel/compilers_and_libraries_2016.2.181/linux/mkl/lib/intel64_lin/libmkl_gnu_thread.so
7f900a661000-7f900a662000 r--p 00d61000 08:02 2897236                    /opt/intel/compilers_and_libraries_2016.2.181/linux/mkl/lib/intel64_lin/libmkl_gnu_thread.so
7f900a662000-7f900a674000 rw-p 00d62000 08:02 2897236                    /opt/intel/compilers_and_libraries_2016.2.181/linux/mkl/lib/intel64_lin/libmkl_gnu_thread.so
7f900a674000-7f900bd81000 r-xp 00000000 08:02 2894486                    /opt/intel/compilers_and_libraries_2016.2.181/linux/mkl/lib/intel64_lin/libmkl_core.so
7f900bd81000-7f900bf80000 ---p 0170d000 08:02 2894486                    /opt/intel/compilers_and_libraries_2016.2.181/linux/mkl/lib/intel64_lin/libmkl_core.so
7f900bf80000-7f900bf88000 r--p 0170c000 08:02 2894486                    /opt/intel/compilers_and_libraries_2016.2.181/linux/mkl/lib/intel64_lin/libmkl_core.so
7f900bf88000-7f900bfa9000 rw-p 01714000 08:02 2894486                    /opt/intel/compilers_and_libraries_2016.2.181/linux/mkl/lib/intel64_lin/libmkl_core.so
7f900bfa9000-7f9020000000 rw-p 00000000 00:00 0 
7f9020000000-7f9020021000 rw-p 00000000 00:00 0 
7f9020021000-7f9024000000 ---p 00000000 00:00 0 
7f90240f7000-7f90247f9000 rw-p 00000000 00:00 0 
7f90247f9000-7f90247fa000 ---p 00000000 00:00 0 
7f90247fa000-7f9024ffa000 rw-p 00000000 00:00 0 
7f9024ffa000-7f9024ffb000 ---p 00000000 00:00 0 
7f9024ffb000-7f90257fb000 rw-p 00000000 00:00 0 
7f90257fb000-7f90257fc000 ---p 00000000 00:00 0 
7f90257fc000-7f9025ffc000 rw-p 00000000 00:00 0 
7f9025ffc000-7f9025ffd000 ---p 00000000 00:00 0 
7f9025ffd000-7f90267fd000 rw-p 00000000 00:00 0 
7f90267fd000-7f90267fe000 ---p 00000000 00:00 0 
7f90267fe000-7f9026ffe000 rw-p 00000000 00:00 0 
7f9026ffe000-7f9026fff000 ---p 00000000 00:00 0 
7f9026fff000-7f90277ff000 rw-p 00000000 00:00 0 
7f90277ff000-7f9027800000 ---p 00000000 00:00 0 
7f9027800000-7f9028000000 rw-p 00000000 00:00 0 
7f9028000000-7f9028021000 rw-p 00000000 00:00 0 
7f9028021000-7f902c000000 ---p 00000000 00:00 0 
7f902c000000-7f902c021000 rw-p 00000000 00:00 0 
7f902c021000-7f9030000000 ---p 00000000 00:00 0 
7f9030000000-7f9030462000 rw-p 00000000 00:00 0 
7f9030462000-7f9034000000 ---p 00000000 00:00 0 
7f9034000000-7f9034021000 rw-p 00000000 00:00 0 
7f9034021000-7f9038000000 ---p 00000000 00:00 0 
7f9038000000-7f903869d000 rw-p 00000000 00:00 0 
7f903869d000-7f903c000000 ---p 00000000 00:00 0 
7f903c000000-7f903c339000 rw-p 00000000 00:00 0 
7f903c339000-7f9040000000 ---p 00000000 00:00 0 
7f9040000000-7f9040021000 rw-p 00000000 00:00 0 
7f9040021000-7f9044000000 ---p 00000000 00:00 0 
7f9044000000-7f904555e000 rw-p 00000000 00:00 0 
7f904555e000-7f9048000000 ---p 00000000 00:00 0 
7f9048000000-7f9048021000 rw-p 00000000 00:00 0 
7f9048021000-7f904c000000 ---p 00000000 00:00 0 
7f904c000000-7f904c021000 rw-p 00000000 00:00 0 
7f904c021000-7f9050000000 ---p 00000000 00:00 0 
7f9050000000-7f9050021000 rw-p 00000000 00:00 0 
7f9050021000-7f9054000000 ---p 00000000 00:00 0 
7f9054112000-7f9064000000 rw-p 00000000 00:00 0 
7f9064000000-7f9064021000 rw-p 00000000 00:00 0 
7f9064021000-7f9068000000 ---p 00000000 00:00 0 
7f9068000000-7f9068021000 rw-p 00000000 00:00 0 
7f9068021000-7f906c000000 ---p 00000000 00:00 0 
7f906c000000-7f906c021000 rw-p 00000000 00:00 0 
7f906c021000-7f9070000000 ---p 00000000 00:00 0 
7f9070000000-7f9070021000 rw-p 00000000 00:00 0 
7f9070021000-7f9074000000 ---p 00000000 00:00 0 
7f9074000000-7f9074021000 rw-p 00000000 00:00 0 
7f9074021000-7f9078000000 ---p 00000000 00:00 0 
7f9078000000-7f9078021000 rw-p 00000000 00:00 0 
7f9078021000-7f907c000000 ---p 00000000 00:00 0 
7f907c000000-7f907c021000 rw-p 00000000 00:00 0 
7f907c021000-7f9080000000 ---p 00000000 00:00 0 
7f90803c1000-7f90804c9000 r-xp 00000000 08:02 2755861                    /opt/intel/compilers_and_libraries_2016.2.181/linux/compiler/lib/intel64_lin/libiomp5.so
7f90804c9000-7f90806c8000 ---p 00108000 08:02 2755861                    /opt/intel/compilers_and_libraries_2016.2.181/linux/compiler/lib/intel64_lin/libiomp5.so
7f90806c8000-7f90806d3000 rw-p 00107000 08:02 2755861                    /opt/intel/compilers_and_libraries_2016.2.181/linux/compiler/lib/intel64_lin/libiomp5.so
7f90806d3000-7f90808c2000 rw-p 00000000 00:00 0 
7f90808c2000-7f9080902000 ---p 00000000 00:00 0 
7f9080902000-7f9080935000 r-xp 00000000 08:02 3934691                    /tmp/javacpp150588348440746/libjnind4j.so
7f9080935000-7f9080b35000 ---p 00033000 08:02 3934691                    /tmp/javacpp150588348440746/libjnind4j.so
7f9080b35000-7f9080b36000 rw-p 00033000 08:02 3934691                    /tmp/javacpp150588348440746/libjnind4j.so
7f9080b36000-7f9080b4c000 r-xp 00000000 08:02 38801460                   /lib/x86_64-linux-gnu/libgcc_s.so.1
7f9080b4c000-7f9080d4b000 ---p 00016000 08:02 38801460                   /lib/x86_64-linux-gnu/libgcc_s.so.1
7f9080d4b000-7f9080d4c000 rw-p 00015000 08:02 38801460                   /lib/x86_64-linux-gnu/libgcc_s.so.1
7f9080d4c000-7f9080e32000 r-xp 00000000 08:02 38273202                   /usr/lib/x86_64-linux-gnu/libstdc++.so.6.0.19
7f9080e32000-7f9081031000 ---p 000e6000 08:02 38273202                   /usr/lib/x86_64-linux-gnu/libstdc++.so.6.0.19
7f9081031000-7f9081039000 r--p 000e5000 08:02 38273202                   /usr/lib/x86_64-linux-gnu/libstdc++.so.6.0.19
7f9081039000-7f908103b000 rw-p 000ed000 08:02 38273202                   /usr/lib/x86_64-linux-gnu/libstdc++.so.6.0.19
7f908103b000-7f9081050000 rw-p 00000000 00:00 0 
7f908106e000-7f908106f000 rw-p 00000000 00:00 0 
7f908106f000-7f90811d6000 r-xp 00000000 08:02 3934690                    /tmp/javacpp150588348440746/libnd4j.so
7f90811d6000-7f90813d6000 ---p 00167000 08:02 3934690                    /tmp/javacpp150588348440746/libnd4j.so
7f90813d6000-7f90813d7000 rw-p 00167000 08:02 3934690                    /tmp/javacpp150588348440746/libnd4j.so
7f90813d7000-7f90814c7000 r-xp 00000000 08:02 3934689                    /tmp/javacpp150588348440746/libgfortran.so.3
7f90814c7000-7f90816c6000 ---p 000f0000 08:02 3934689                    /tmp/javacpp150588348440746/libgfortran.so.3
7f90816c6000-7f90816c8000 rw-p 000ef000 08:02 3934689                    /tmp/javacpp150588348440746/libgfortran.so.3
7f90816c8000-7f90816c9000 rw-p 00000000 00:00 0 
7f90816c9000-7f90816de000 r-xp 00000000 08:02 3934688                    /tmp/javacpp150588348440746/libgomp.so.1
7f90816de000-7f90818dd000 ---p 00015000 08:02 3934688                    /tmp/javacpp150588348440746/libgomp.so.1
7f90818dd000-7f90818de000 rw-p 00014000 08:02 3934688                    /tmp/javacpp150588348440746/libgomp.so.1
7f90818de000-7f9081c8e000 r-xp 00000000 08:02 3934687                    /tmp/javacpp150588348440746/libopenblas.so.0
7f9081c8e000-7f9081e8e000 ---p 003b0000 08:02 3934687                    /tmp/javacpp150588348440746/libopenblas.so.0
7f9081e8e000-7f9081e94000 r--p 003b0000 08:02 3934687                    /tmp/javacpp150588348440746/libopenblas.so.0
7f9081e94000-7f9081e95000 rw-p 003b6000 08:02 3934687                    /tmp/javacpp150588348440746/libopenblas.so.0
7f9081e95000-7f9081ea5000 rw-p 00000000 00:00 0 
7f9081ea5000-7f9082255000 r-xp 00000000 08:02 2894494                    /opt/intel/compilers_and_libraries_2016.2.181/linux/mkl/lib/intel64_lin/libmkl_rt.so
7f9082255000-7f9082455000 ---p 003b0000 08:02 2894494                    /opt/intel/compilers_and_libraries_2016.2.181/linux/mkl/lib/intel64_lin/libmkl_rt.so
7f9082455000-7f908245b000 r--p 003b0000 08:02 2894494                    /opt/intel/compilers_and_libraries_2016.2.181/linux/mkl/lib/intel64_lin/libmkl_rt.so
7f908245b000-7f908245c000 rw-p 003b6000 08:02 2894494                    /opt/intel/compilers_and_libraries_2016.2.181/linux/mkl/lib/intel64_lin/libmkl_rt.so
7f908245c000-7f908246c000 rw-p 00000000 00:00 0 
7f908246c000-7f908246f000 ---p 00000000 00:00 0 
7f908246f000-7f908256d000 rw-p 00000000 00:00 0 
7f908256d000-7f908256f000 r--s 00009000 08:02 49152093                   /home/yao/.m2/repository/org/hamcrest/hamcrest-core/1.3/hamcrest-core-1.3.jar
7f908256f000-7f9082577000 r--s 00045000 08:02 49153775                   /home/yao/.m2/repository/junit/junit/4.12/junit-4.12.jar
7f9082577000-7f908257a000 r--s 00014000 08:02 57673980                   /home/yao/.m2/repository/org/deeplearning4j/deeplearning4j-ui-components/0.5.0/deeplearning4j-ui-components-0.5.0.jar
7f908257a000-7f908257e000 r--s 00022000 08:02 49939577                   /home/yao/.m2/repository/args4j/args4j/2.33/args4j-2.33.jar
7f908257e000-7f9082582000 r--s 00019000 08:02 57673978                   /home/yao/.m2/repository/org/deeplearning4j/arbiter-core/0.5.0/arbiter-core-0.5.0.jar
7f9082582000-7f9082586000 r--s 0001b000 08:02 57673976                   /home/yao/.m2/repository/org/deeplearning4j/arbiter-deeplearning4j/0.5.0/arbiter-deeplearning4j-0.5.0.jar
7f9082586000-7f9082590000 r--s 0006e000 08:02 49939571                   /home/yao/.m2/repository/jfree/jcommon/1.0.16/jcommon-1.0.16.jar
7f9082590000-7f90825a1000 r--s 0014c000 08:02 49939570                   /home/yao/.m2/repository/jfree/jfreechart/1.0.13/jfreechart-1.0.13.jar
7f90825a1000-7f90825af000 r--s 000d1000 08:02 49939567                   /home/yao/.m2/repository/org/jcodec/jcodec/0.1.5/jcodec-0.1.5.jar
7f90825af000-7f90825b0000 r--s 00001000 08:02 57674689                   /home/yao/.m2/repository/org/datavec/datavec-data-codec/0.5.0/datavec-data-codec-0.5.0.jar
7f90825b0000-7f90825dc000 r--s 00208000 08:02 49939549                   /home/yao/.m2/repository/com/google/guava/guava/19.0/guava-19.0.jar
7f90825dc000-7f90825de000 r--s 0000e000 08:02 49939547                   /home/yao/.m2/repository/org/jvnet/mimepull/mimepull/1.9.3/mimepull-1.9.3.jar
7f90825de000-7f90825df000 r--s 00004000 08:02 49939545                   /home/yao/.m2/repository/org/glassfish/hk2/osgi-resource-locator/1.0.1/osgi-resource-locator-1.0.1.jar
7f90825df000-7f90825f6000 r--s 000d5000 08:02 49939543                   /home/yao/.m2/repository/org/glassfish/jersey/bundles/repackaged/jersey-guava/2.16/jersey-guava-2.16.jar
7f90825f6000-7f90825f8000 r--s 00005000 08:02 49939542                   /home/yao/.m2/repository/javax/annotation/javax.annotation-api/1.2/javax.annotation-api-1.2.jar
7f90825f8000-7f9082606000 r--s 00098000 08:02 49939540                   /home/yao/.m2/repository/org/glassfish/jersey/core/jersey-common/2.16/jersey-common-2.16.jar
7f9082606000-7f9082608000 r--s 0000e000 08:02 49939537                   /home/yao/.m2/repository/org/glassfish/jersey/media/jersey-media-multipart/2.16/jersey-media-multipart-2.16.jar
7f9082608000-7f9082609000 r--s 00000000 08:02 49939536                   /home/yao/.m2/repository/io/dropwizard/dropwizard-forms/0.8.0/dropwizard-forms-0.8.0.jar
7f9082609000-7f908260a000 r--s 00005000 08:02 49939533                   /home/yao/.m2/repository/org/glassfish/jersey/connectors/jersey-apache-connector/2.16/jersey-apache-connector-2.16.jar
7f908260a000-7f9082610000 r--s 0003f000 08:02 49939531                   /home/yao/.m2/repository/org/apache/httpcomponents/httpcore/4.3.2/httpcore-4.3.2.jar
7f9082610000-7f908261c000 r--s 00085000 08:02 49547819                   /home/yao/.m2/repository/org/apache/httpcomponents/httpclient/4.3.5/httpclient-4.3.5.jar
7f908261c000-7f908261e000 r--s 00002000 08:02 49939529                   /home/yao/.m2/repository/io/dropwizard/metrics/metrics-httpclient/3.1.0/metrics-httpclient-3.1.0.jar
7f908261e000-7f9082628000 r--s 000a5000 08:02 49809886                   /home/yao/.m2/repository/org/javassist/javassist/3.18.1-GA/javassist-3.18.1-GA.jar
7f9082628000-7f908262b000 r--s 00027000 08:02 49939528                   /home/yao/.m2/repository/org/glassfish/hk2/hk2-locator/2.4.0-b09/hk2-locator-2.4.0-b09.jar
7f908262b000-7f908262c000 r--s 00001000 08:02 49939525                   /home/yao/.m2/repository/org/glassfish/hk2/external/javax.inject/2.4.0-b09/javax.inject-2.4.0-b09.jar
7f908262c000-7f908262e000 r--s 00002000 08:02 49939524                   /home/yao/.m2/repository/org/glassfish/hk2/external/aopalliance-repackaged/2.4.0-b09/aopalliance-repackaged-2.4.0-b09.jar
7f908262e000-7f9082631000 r--s 00015000 08:02 49939521                   /home/yao/.m2/repository/org/glassfish/hk2/hk2-utils/2.4.0-b09/hk2-utils-2.4.0-b09.jar
7f9082631000-7f9082636000 r--s 00028000 08:02 49939519                   /home/yao/.m2/repository/org/glassfish/hk2/hk2-api/2.4.0-b09/hk2-api-2.4.0-b09.jar
7f9082636000-7f908263a000 r--s 00019000 08:02 49939517                   /home/yao/.m2/repository/javax/ws/rs/javax.ws.rs-api/2.0.1/javax.ws.rs-api-2.0.1.jar
7f908263a000-7f908263e000 r--s 00023000 08:02 49939515                   /home/yao/.m2/repository/org/glassfish/jersey/core/jersey-client/2.16/jersey-client-2.16.jar
7f908263e000-7f908263f000 r--s 00005000 08:02 49939513                   /home/yao/.m2/repository/io/dropwizard/dropwizard-client/0.8.0/dropwizard-client-0.8.0.jar
7f908263f000-7f9082647000 r--s 00210000 08:02 57673986                   /home/yao/.m2/repository/org/deeplearning4j/deeplearning4j-ui/0.5.0/deeplearning4j-ui-0.5.0.jar
7f9082647000-7f9082648000 r--s 00001000 08:02 57673953                   /home/yao/.m2/repository/org/nd4j/nd4j-jackson/0.5.0/nd4j-jackson-0.5.0.jar
7f9082648000-7f9082649000 r--s 00001000 08:02 49939488                   /home/yao/.m2/repository/io/dropwizard/dropwizard-views-freemarker/0.8.0/dropwizard-views-freemarker-0.8.0.jar
7f9082649000-7f908264d000 r--s 00019000 08:02 49939487                   /home/yao/.m2/repository/com/github/spullara/mustache/java/compiler/0.8.17/compiler-0.8.17.jar
7f908264d000-7f908264f000 r--s 00001000 08:02 49939483                   /home/yao/.m2/repository/io/dropwizard/dropwizard-views/0.8.0/dropwizard-views-0.8.0.jar
7f908264f000-7f9082650000 r--s 00001000 08:02 49939482                   /home/yao/.m2/repository/io/dropwizard/dropwizard-views-mustache/0.8.0/dropwizard-views-mustache-0.8.0.jar
7f9082650000-7f9082651000 r--s 00001000 08:02 49939481                   /home/yao/.m2/repository/io/dropwizard/metrics/metrics-annotation/3.1.0/metrics-annotation-3.1.0.jar
7f9082651000-7f9082652000 r--s 00006000 08:02 49939477                   /home/yao/.m2/repository/io/dropwizard/dropwizard-servlets/0.8.0/dropwizard-servlets-0.8.0.jar
7f9082652000-7f9082654000 r--s 00002000 08:02 49939476                   /home/yao/.m2/repository/org/eclipse/jetty/toolchain/setuid/jetty-setuid-java/1.0.2/jetty-setuid-java-1.0.2.jar
7f9082654000-7f9082657000 r--s 00012000 08:02 49419356                   /home/yao/.m2/repository/net/sourceforge/argparse4j/argparse4j/0.4.4/argparse4j-0.4.4.jar
7f9082657000-7f9082658000 r--s 00002000 08:02 49939474                   /home/yao/.m2/repository/io/dropwizard/metrics/metrics-healthchecks/3.1.0/metrics-healthchecks-3.1.0.jar
7f9082658000-7f9082659000 r--s 00003000 08:02 49153639                   /home/yao/.m2/repository/io/dropwizard/metrics/metrics-json/3.1.0/metrics-json-3.1.0.jar
7f9082659000-7f908265b000 r--s 00003000 08:02 49939473                   /home/yao/.m2/repository/io/dropwizard/metrics/metrics-servlets/3.1.0/metrics-servlets-3.1.0.jar
7f908265b000-7f908265d000 r--s 00007000 08:02 49153637                   /home/yao/.m2/repository/io/dropwizard/metrics/metrics-jvm/3.1.0/metrics-jvm-3.1.0.jar
7f908265d000-7f9082661000 r--s 00018000 08:02 49153636                   /home/yao/.m2/repository/io/dropwizard/metrics/metrics-core/3.1.0/metrics-core-3.1.0.jar
7f9082661000-7f9082662000 r--s 00002000 08:02 49939469                   /home/yao/.m2/repository/io/dropwizard/dropwizard-lifecycle/0.8.0/dropwizard-lifecycle-0.8.0.jar
7f9082662000-7f9082664000 r--s 00018000 08:02 49939468                   /home/yao/.m2/repository/org/eclipse/jetty/jetty-http/9.2.9.v20150224/jetty-http-9.2.9.v20150224.jar
7f9082664000-7f9082666000 r--s 0001c000 08:02 49939465                   /home/yao/.m2/repository/org/eclipse/jetty/jetty-servlets/9.2.9.v20150224/jetty-servlets-9.2.9.v20150224.jar
7f9082666000-7f9082669000 r--s 00015000 08:02 49939464                   /home/yao/.m2/repository/org/eclipse/jetty/jetty-security/9.2.9.v20150224/jetty-security-9.2.9.v20150224.jar
7f9082669000-7f908266c000 r--s 0001a000 08:02 49939461                   /home/yao/.m2/repository/org/eclipse/jetty/jetty-servlet/9.2.9.v20150224/jetty-servlet-9.2.9.v20150224.jar
7f908266c000-7f908266d000 r--s 00003000 08:02 49939460                   /home/yao/.m2/repository/io/dropwizard/metrics/metrics-jetty9/3.1.0/metrics-jetty9-3.1.0.jar
7f908266d000-7f908266f000 r--s 00007000 08:02 49939459                   /home/yao/.m2/repository/io/dropwizard/dropwizard-jetty/0.8.0/dropwizard-jetty-0.8.0.jar
7f908266f000-7f9082670000 r--s 00003000 08:02 49939455                   /home/yao/.m2/repository/org/eclipse/jetty/jetty-continuation/9.2.9.v20150224/jetty-continuation-9.2.9.v20150224.jar
7f9082670000-7f9082671000 r--s 0000a000 08:02 49939453                   /home/yao/.m2/repository/org/eclipse/jetty/jetty-xml/9.2.9.v20150224/jetty-xml-9.2.9.v20150224.jar
7f9082671000-7f9082673000 r--s 00019000 08:02 49939451                   /home/yao/.m2/repository/org/eclipse/jetty/jetty-webapp/9.2.9.v20150224/jetty-webapp-9.2.9.v20150224.jar
7f9082673000-7f9082676000 r--s 00017000 08:02 49939449                   /home/yao/.m2/repository/org/eclipse/jetty/jetty-io/9.2.9.v20150224/jetty-io-9.2.9.v20150224.jar
7f9082676000-7f9082679000 r--s 00015000 08:02 49939447                   /home/yao/.m2/repository/javax/servlet/javax.servlet-api/3.1.0/javax.servlet-api-3.1.0.jar
7f9082679000-7f908267f000 r--s 00061000 08:02 49939445                   /home/yao/.m2/repository/org/eclipse/jetty/jetty-server/9.2.9.v20150224/jetty-server-9.2.9.v20150224.jar
7f908267f000-7f9082682000 r--s 0000c000 08:02 49939444                   /home/yao/.m2/repository/org/glassfish/jersey/containers/jersey-container-servlet-core/2.16/jersey-container-servlet-core-2.16.jar
7f9082682000-7f9082683000 r--s 00003000 08:02 49939441                   /home/yao/.m2/repository/org/glassfish/jersey/containers/jersey-container-servlet/2.16/jersey-container-servlet-2.16.jar
7f9082683000-7f9082684000 r--s 00007000 08:02 49939440                   /home/yao/.m2/repository/com/fasterxml/jackson/module/jackson-module-jaxb-annotations/2.5.1/jackson-module-jaxb-annotations-2.5.1.jar
7f9082684000-7f9082686000 r--s 00006000 08:02 49939437                   /home/yao/.m2/repository/com/fasterxml/jackson/jaxrs/jackson-jaxrs-base/2.5.1/jackson-jaxrs-base-2.5.1.jar
7f9082686000-7f9082688000 r--s 00003000 08:02 49939436                   /home/yao/.m2/repository/com/fasterxml/jackson/jaxrs/jackson-jaxrs-json-provider/2.5.1/jackson-jaxrs-json-provider-2.5.1.jar
7f9082688000-7f908268a000 r--s 00002000 08:02 49939433                   /home/yao/.m2/repository/io/dropwizard/metrics/metrics-jersey2/3.1.0/metrics-jersey2-3.1.0.jar
7f908268a000-7f908268b000 r--s 00001000 08:02 49939431                   /home/yao/.m2/repository/org/glassfish/jersey/ext/jersey-metainf-services/2.16/jersey-metainf-services-2.16.jar
7f908268b000-7f908268e000 r--s 0000f000 08:02 49939429                   /home/yao/.m2/repository/org/glassfish/jersey/media/jersey-media-jaxb/2.16/jersey-media-jaxb-2.16.jar
7f908268e000-7f90826a3000 r--s 000cd000 08:02 49939427                   /home/yao/.m2/repository/org/glassfish/jersey/core/jersey-server/2.16/jersey-server-2.16.jar
7f90826a3000-7f90826a5000 r--s 0000a000 08:02 49939425                   /home/yao/.m2/repository/io/dropwizard/dropwizard-jersey/0.8.0/dropwizard-jersey-0.8.0.jar
7f90826a5000-7f90826a7000 r--s 00003000 08:02 49939424                   /home/yao/.m2/repository/io/dropwizard/dropwizard-metrics/0.8.0/dropwizard-metrics-0.8.0.jar
7f90826a7000-7f90826ad000 r--s 00051000 08:02 49939421                   /home/yao/.m2/repository/org/eclipse/jetty/jetty-util/9.2.9.v20150224/jetty-util-9.2.9.v20150224.jar
7f90826ad000-7f90826af000 r--s 00003000 08:02 49153591                   /home/yao/.m2/repository/org/slf4j/jcl-over-slf4j/1.7.10/jcl-over-slf4j-1.7.10.jar
7f90826af000-7f90826b0000 r--s 00005000 08:02 49939419                   /home/yao/.m2/repository/org/slf4j/log4j-over-slf4j/1.7.10/log4j-over-slf4j-1.7.10.jar
7f90826b0000-7f90826b2000 r--s 00000000 08:02 49153589                   /home/yao/.m2/repository/org/slf4j/jul-to-slf4j/1.7.10/jul-to-slf4j-1.7.10.jar
7f90826b2000-7f90826b4000 r--s 00000000 08:02 49939418                   /home/yao/.m2/repository/io/dropwizard/metrics/metrics-logback/3.1.0/metrics-logback-3.1.0.jar
7f90826b4000-7f90826b6000 r--s 00004000 08:02 49939415                   /home/yao/.m2/repository/io/dropwizard/dropwizard-logging/0.8.0/dropwizard-logging-0.8.0.jar
7f90826b6000-7f90826b8000 r--s 00004000 08:02 49939413                   /home/yao/.m2/repository/io/dropwizard/dropwizard-configuration/0.8.0/dropwizard-configuration-0.8.0.jar
7f90826b8000-7f90826bc000 r--s 00033000 08:02 49939411                   /home/yao/.m2/repository/org/glassfish/javax.el/3.0.0/javax.el-3.0.0.jar
7f90826bc000-7f90826be000 r--s 0000d000 08:02 49939410                   /home/yao/.m2/repository/com/fasterxml/classmate/1.0.0/classmate-1.0.0.jar
7f90826be000-7f90826c0000 r--s 0000c000 08:02 49939407                   /home/yao/.m2/repository/org/jboss/logging/jboss-logging/3.1.3.GA/jboss-logging-3.1.3.GA.jar
7f90826c0000-7f90826c4000 r--s 0000c000 08:02 49939406                   /home/yao/.m2/repository/javax/validation/validation-api/1.1.0.Final/validation-api-1.1.0.Final.jar
7f90826c4000-7f90826d2000 r--s 0008d000 08:02 49939404                   /home/yao/.m2/repository/org/hibernate/hibernate-validator/5.1.3.Final/hibernate-validator-5.1.3.Final.jar
7f90826d2000-7f90826d3000 r--s 00004000 08:02 49939401                   /home/yao/.m2/repository/io/dropwizard/dropwizard-validation/0.8.0/dropwizard-validation-0.8.0.jar
7f90826d3000-7f90826d6000 r--s 0001f000 08:02 49939397                   /home/yao/.m2/repository/com/fasterxml/jackson/module/jackson-module-afterburner/2.5.1/jackson-module-afterburner-2.5.1.jar
7f90826d6000-7f90826d9000 r--s 0000f000 08:02 49939396                   /home/yao/.m2/repository/com/fasterxml/jackson/datatype/jackson-datatype-guava/2.5.1/jackson-datatype-guava-2.5.1.jar
7f90826d9000-7f90826da000 r--s 00001000 08:02 49939393                   /home/yao/.m2/repository/com/fasterxml/jackson/datatype/jackson-datatype-jdk7/2.5.1/jackson-datatype-jdk7-2.5.1.jar
7f90826da000-7f90826db000 r--s 00004000 08:02 49939391                   /home/yao/.m2/repository/io/dropwizard/dropwizard-jackson/0.8.0/dropwizard-jackson-0.8.0.jar
7f90826db000-7f90826de000 r--s 00006000 08:02 49285429                   /home/yao/.m2/repository/com/google/code/findbugs/jsr305/3.0.0/jsr305-3.0.0.jar
7f90826de000-7f90826df000 r--s 00002000 08:02 49939388                   /home/yao/.m2/repository/io/dropwizard/dropwizard-util/0.8.0/dropwizard-util-0.8.0.jar
7f90826df000-7f90826e1000 r--s 00008000 08:02 49939385                   /home/yao/.m2/repository/io/dropwizard/dropwizard-core/0.8.0/dropwizard-core-0.8.0.jar
7f90826e1000-7f90826e2000 r--s 00000000 08:02 49939384                   /home/yao/.m2/repository/io/dropwizard/dropwizard-assets/0.8.0/dropwizard-assets-0.8.0.jar
7f90826e2000-7f90826e5000 r--s 00014000 08:02 49939381                   /home/yao/.m2/repository/org/apache/opennlp/opennlp-uima/1.5.3/opennlp-uima-1.5.3.jar
7f90826e5000-7f90826ea000 r--s 00025000 08:02 49939380                   /home/yao/.m2/repository/net/sf/jwordnet/jwnl/1.3.3/jwnl-1.3.3.jar
7f90826ea000-7f90826fa000 r--s 000b9000 08:02 49939377                   /home/yao/.m2/repository/org/apache/opennlp/opennlp-tools/1.5.3/opennlp-tools-1.5.3.jar
7f90826fa000-7f90826fd000 r--s 0001d000 08:02 49939375                   /home/yao/.m2/repository/org/apache/opennlp/opennlp-maxent/3.0.3/opennlp-maxent-3.0.3.jar
7f90826fd000-7f90826ff000 r--s 028a3000 08:02 49939374                   /home/yao/.m2/repository/org/cleartk/cleartk-opennlp-tools/2.0.0/cleartk-opennlp-tools-2.0.0.jar
7f90826ff000-7f9082703000 r--s 00020000 08:02 49939371                   /home/yao/.m2/repository/org/cleartk/cleartk-type-system/2.0.0/cleartk-type-system-2.0.0.jar
7f9082703000-7f908270f000 r--s 00085000 08:02 49939370                   /home/yao/.m2/repository/org/springframework/spring-beans/3.1.2.RELEASE/spring-beans-3.1.2.RELEASE.jar
7f908270f000-7f9082713000 r--s 00027000 08:02 49939367                   /home/yao/.m2/repository/org/springframework/spring-expression/3.1.2.RELEASE/spring-expression-3.1.2.RELEASE.jar
7f9082713000-7f9082715000 r--s 00000000 08:02 49153498                   /home/yao/.m2/repository/aopalliance/aopalliance/1.0/aopalliance-1.0.jar
7f9082715000-7f908271e000 r--s 00049000 08:02 49939365                   /home/yao/.m2/repository/org/springframework/spring-aop/3.1.2.RELEASE/spring-aop-3.1.2.RELEASE.jar
7f908271e000-7f9082733000 r--s 000b7000 08:02 49939364                   /home/yao/.m2/repository/org/springframework/spring-context/3.1.2.RELEASE/spring-context-3.1.2.RELEASE.jar
7f9082733000-7f9082734000 r--s 0000c000 08:02 49939361                   /home/yao/.m2/repository/org/springframework/spring-asm/3.1.2.RELEASE/spring-asm-3.1.2.RELEASE.jar
7f9082734000-7f908273e000 r--s 00064000 08:02 49939359                   /home/yao/.m2/repository/org/springframework/spring-core/3.1.2.RELEASE/spring-core-3.1.2.RELEASE.jar
7f908273e000-7f908273f000 r--s 0000a000 08:02 49285211                   /home/yao/.m2/repository/commons-logging/commons-logging-api/1.1/commons-logging-api-1.1.jar
7f908273f000-7f9082743000 r--s 00025000 08:02 49939358                   /home/yao/.m2/repository/org/apache/uima/uimafit-core/2.0.0/uimafit-core-2.0.0.jar
7f9082743000-7f908275b000 r--s 00144000 08:02 49939356                   /home/yao/.m2/repository/org/apache/uima/uimaj-core/2.5.0/uimaj-core-2.5.0.jar
7f908275b000-7f908275d000 r--s 00012000 08:02 49939353                   /home/yao/.m2/repository/org/cleartk/cleartk-util/2.0.0/cleartk-util-2.0.0.jar
7f908275d000-7f908275f000 r--s 0001b000 08:02 49939352                   /home/yao/.m2/repository/org/apache/lucene/lucene-snowball/3.0.3/lucene-snowball-3.0.3.jar
7f908275f000-7f9082760000 r--s 00001000 08:02 49939349                   /home/yao/.m2/repository/org/cleartk/cleartk-snowball/2.0.0/cleartk-snowball-2.0.0.jar
7f9082760000-7f908276d000 r--s 0007d000 08:02 49939347                   /home/yao/.m2/repository/commons-collections/commons-collections/20040616/commons-collections-20040616.jar
7f908276d000-7f908276f000 r--s 0000d000 08:02 49152079                   /home/yao/.m2/repository/commons-logging/commons-logging/1.1.1/commons-logging-1.1.1.jar
7f908276f000-7f9082774000 r--s 00041000 08:02 49283775                   /home/yao/.m2/repository/commons-lang/commons-lang/2.6/commons-lang-2.6.jar
7f9082774000-7f908277b000 r--s 00050000 08:02 49939345                   /home/yao/.m2/repository/commons-configuration/commons-configuration/1.8/commons-configuration-1.8.jar
7f908277b000-7f908277d000 r--s 0000f000 08:02 49939343                   /home/yao/.m2/repository/com/martiansoftware/jsap/2.1/jsap-2.1.jar
7f908277d000-7f90827a7000 rw-p 00000000 00:00 0 
7f90827a7000-7f90828cc000 r--s 00f03000 08:02 49939342                   /home/yao/.m2/repository/it/unimi/dsi/fastutil/6.5.15/fastutil-6.5.15.jar
7f90828cc000-7f90828d2000 r--s 0005f000 08:02 49939339                   /home/yao/.m2/repository/it/unimi/dsi/dsiutils/2.2.2/dsiutils-2.2.2.jar
7f90828d2000-7f90828d9000 r--s 0003a000 08:02 49809866                   /home/yao/.m2/repository/commons-codec/commons-codec/1.8/commons-codec-1.8.jar
7f90828d9000-7f90828da000 r--s 00035000 08:02 49809864                   /home/yao/.m2/repository/org/apache/directory/studio/org.apache.commons.codec/1.8/org.apache.commons.codec-1.8.jar
7f90828da000-7f90828e4000 r--s 004ed000 08:02 57673972                   /home/yao/.m2/repository/org/deeplearning4j/deeplearning4j-nlp/0.5.0/deeplearning4j-nlp-0.5.0.jar
7f90828e4000-7f90828e5000 r--s 00241000 08:02 49942229                   /home/yao/.m2/repository/org/bytedeco/javacpp-presets/leptonica/1.73-1.2/leptonica-1.73-1.2-linux-ppc64le.jar
7f90828e5000-7f90828e6000 r--s 0028a000 08:02 49942233                   /home/yao/.m2/repository/org/bytedeco/javacpp-presets/leptonica/1.73-1.2/leptonica-1.73-1.2-windows-x86_64.jar
7f90828e6000-7f90828e8000 r--s 0025b000 08:02 49942230                   /home/yao/.m2/repository/org/bytedeco/javacpp-presets/leptonica/1.73-1.2/leptonica-1.73-1.2-macosx-x86_64.jar
7f90828e8000-7f90828e9000 r--s 00238000 08:02 49939563                   /home/yao/.m2/repository/org/bytedeco/javacpp-presets/leptonica/1.73-1.2/leptonica-1.73-1.2-linux-x86_64.jar
7f90828e9000-7f90828ec000 r--s 00021000 08:02 49939561                   /home/yao/.m2/repository/org/bytedeco/javacpp-presets/leptonica/1.73-1.2/leptonica-1.73-1.2.jar
7f90828ec000-7f90828ee000 r--s 00bed000 08:02 49942228                   /home/yao/.m2/repository/org/bytedeco/javacpp-presets/ffmpeg/3.0.2-1.2/ffmpeg-3.0.2-1.2-linux-ppc64le.jar
7f90828ee000-7f90828f0000 r--s 01119000 08:02 49942207                   /home/yao/.m2/repository/org/bytedeco/javacpp-presets/ffmpeg/3.0.2-1.2/ffmpeg-3.0.2-1.2-windows-x86_64.jar
7f90828f0000-7f90828f2000 r--s 00a46000 08:02 49942203                   /home/yao/.m2/repository/org/bytedeco/javacpp-presets/ffmpeg/3.0.2-1.2/ffmpeg-3.0.2-1.2-macosx-x86_64.jar
7f90828f2000-7f90828f4000 r--s 00a6e000 08:02 49939559                   /home/yao/.m2/repository/org/bytedeco/javacpp-presets/ffmpeg/3.0.2-1.2/ffmpeg-3.0.2-1.2-linux-x86_64.jar
7f90828f4000-7f90828fa000 r--s 00031000 08:02 49939557                   /home/yao/.m2/repository/org/bytedeco/javacpp-presets/ffmpeg/3.0.2-1.2/ffmpeg-3.0.2-1.2.jar
7f90828fa000-7f90828fc000 r--s 00920000 08:02 49810986                   /home/yao/.m2/repository/org/bytedeco/javacpp-presets/opencv/3.1.0-1.2/opencv-3.1.0-1.2-linux-ppc64le.jar
7f90828fc000-7f90828ff000 r--s 0098d000 08:02 49810984                   /home/yao/.m2/repository/org/bytedeco/javacpp-presets/opencv/3.1.0-1.2/opencv-3.1.0-1.2-windows-x86_64.jar
7f90828ff000-7f9082901000 r--s 00813000 08:02 49810982                   /home/yao/.m2/repository/org/bytedeco/javacpp-presets/opencv/3.1.0-1.2/opencv-3.1.0-1.2-macosx-x86_64.jar
7f9082901000-7f9082904000 r--s 0087c000 08:02 49809928                   /home/yao/.m2/repository/org/bytedeco/javacpp-presets/opencv/3.1.0-1.2/opencv-3.1.0-1.2-linux-x86_64.jar
7f9082904000-7f9082913000 r--s 00093000 08:02 49809927                   /home/yao/.m2/repository/org/bytedeco/javacpp-presets/opencv/3.1.0-1.2/opencv-3.1.0-1.2.jar
7f9082913000-7f9082918000 r--s 00056000 08:02 49809925                   /home/yao/.m2/repository/org/bytedeco/javacv/1.2/javacv-1.2.jar
7f9082918000-7f908291d000 r--s 00046000 08:02 57673967                   /home/yao/.m2/repository/org/bytedeco/javacpp/1.2.3/javacpp-1.2.3.jar
7f908291d000-7f908291f000 r--s 0000b000 08:02 49809923                   /home/yao/.m2/repository/com/twelvemonkeys/imageio/imageio-bmp/3.1.1/imageio-bmp-3.1.1.jar
7f908291f000-7f9082921000 r--s 0000f000 08:02 49809921                   /home/yao/.m2/repository/com/twelvemonkeys/imageio/imageio-psd/3.1.1/imageio-psd-3.1.1.jar
7f9082921000-7f9082923000 r--s 0000e000 08:02 49809918                   /home/yao/.m2/repository/com/twelvemonkeys/imageio/imageio-tiff/3.1.1/imageio-tiff-3.1.1.jar
7f9082923000-7f9082926000 r--s 00012000 08:02 49809917                   /home/yao/.m2/repository/com/twelvemonkeys/common/common-image/3.1.1/common-image-3.1.1.jar
7f9082926000-7f9082928000 r--s 00014000 08:02 49809914                   /home/yao/.m2/repository/com/twelvemonkeys/common/common-io/3.1.1/common-io-3.1.1.jar
7f9082928000-7f908292b000 r--s 0001a000 08:02 49809912                   /home/yao/.m2/repository/com/twelvemonkeys/common/common-lang/3.1.1/common-lang-3.1.1.jar
7f908292b000-7f908292e000 r--s 0000e000 08:02 49809910                   /home/yao/.m2/repository/com/twelvemonkeys/imageio/imageio-metadata/3.1.1/imageio-metadata-3.1.1.jar
7f908292e000-7f9082931000 r--s 0000c000 08:02 49809908                   /home/yao/.m2/repository/com/twelvemonkeys/imageio/imageio-core/3.1.1/imageio-core-3.1.1.jar
7f9082931000-7f9082933000 r--s 0000d000 08:02 49809906                   /home/yao/.m2/repository/com/twelvemonkeys/imageio/imageio-jpeg/3.1.1/imageio-jpeg-3.1.1.jar
7f9082933000-7f908293e000 r--s 00088000 08:02 49809905                   /home/yao/.m2/repository/com/github/jai-imageio/jai-imageio-core/1.3.0/jai-imageio-core-1.3.0.jar
7f908293e000-7f9082940000 r--s 0000d000 08:02 57673964                   /home/yao/.m2/repository/org/datavec/datavec-data-image/0.5.0/datavec-data-image-0.5.0.jar
7f9082940000-7f9082958000 r--s 00132000 08:02 49942246                   /home/yao/.m2/repository/org/freemarker/freemarker/2.3.23/freemarker-2.3.23.jar
7f9082958000-7f9082968000 r--s 00089000 08:02 57673962                   /home/yao/.m2/repository/joda-time/joda-time/2.9.2/joda-time-2.9.2.jar
7f9082968000-7f908296a000 r--s 0000c000 08:02 57673960                   /home/yao/.m2/repository/com/fasterxml/jackson/datatype/jackson-datatype-joda/2.4.4/jackson-datatype-joda-2.4.4.jar
7f908296a000-7f9082976000 r--s 0007a000 08:02 57673958                   /home/yao/.m2/repository/org/datavec/datavec-api/0.5.0/datavec-api-0.5.0.jar
7f9082976000-7f9082978000 r--s 00001000 08:02 57673957                   /home/yao/.m2/repository/org/datavec/datavec-nd4j-common/0.5.0/datavec-nd4j-common-0.5.0.jar
7f9082978000-7f908297f000 r--s 0003c000 08:02 49939509                   /home/yao/.m2/repository/org/yaml/snakeyaml/1.12/snakeyaml-1.12.jar
7f908297f000-7f9082988000 r--s 00046000 08:02 49939507                   /home/yao/.m2/repository/com/fasterxml/jackson/dataformat/jackson-dataformat-yaml/2.5.1/jackson-dataformat-yaml-2.5.1.jar
7f9082988000-7f908299d000 r--s 00137000 08:02 49809884                   /home/yao/.m2/repository/org/projectlombok/lombok/1.16.4/lombok-1.16.4.jar
7f908299d000-7f908299f000 r--s 00008000 08:02 49939505                   /home/yao/.m2/repository/com/fasterxml/jackson/core/jackson-annotations/2.5.1/jackson-annotations-2.5.1.jar
7f908299f000-7f90829a0000 r--s 0000f000 08:02 49939498                   /home/yao/.m2/repository/org/json/json/20131018/json-20131018.jar
7f90829a0000-7f90829b2000 r--s 00105000 08:02 49809882                   /home/yao/.m2/repository/com/fasterxml/jackson/core/jackson-databind/2.5.1/jackson-databind-2.5.1.jar
7f90829b2000-7f90829b6000 r--s 00035000 08:02 49285439                   /home/yao/.m2/repository/com/fasterxml/jackson/core/jackson-core/2.5.1/jackson-core-2.5.1.jar
7f90829b6000-7f90829bd000 r--s 0005e000 08:02 49809880                   /home/yao/.m2/repository/org/apache/commons/commons-lang3/3.3.1/commons-lang3-3.3.1.jar
7f90829bd000-7f90829be000 r--s 00001000 08:02 57673951                   /home/yao/.m2/repository/org/nd4j/nd4j-context/0.5.0/nd4j-context-0.5.0.jar
7f90829be000-7f90829c2000 r--s 0000f000 08:02 49809898                   /home/yao/.m2/repository/com/google/code/findbugs/annotations/2.0.1/annotations-2.0.1.jar
7f90829c2000-7f90829c5000 r--s 0001d000 08:02 49809896                   /home/yao/.m2/repository/org/reflections/reflections/0.9.10/reflections-0.9.10.jar
7f90829c5000-7f90829c7000 r--s 0001d000 08:02 57674687                   /home/yao/.m2/repository/org/nd4j/nd4j-common/0.5.0/nd4j-common-0.5.0.jar
7f90829c7000-7f90829d2000 r--s 00098000 08:02 57673952                   /home/yao/.m2/repository/org/nd4j/nd4j-api/0.5.0/nd4j-api-0.5.0.jar
7f90829d2000-7f90829d6000 r--s 00015000 08:02 49939501                   /home/yao/.m2/repository/org/tukaani/xz/1.5/xz-1.5.jar
7f90829d6000-7f90829fa000 r--s 001cd000 08:02 49283850                   /home/yao/.m2/repository/org/apache/commons/commons-math3/3.4.1/commons-math3-3.4.1.jar
7f90829fa000-7f9082a10000 r-xp 00000000 08:02 40381489                   /usr/bin/jdk1.8.0_91/jre/lib/amd64/libnet.so
7f9082a10000-7f9082c10000 ---p 00016000 08:02 40381489                   /usr/bin/jdk1.8.0_91/jre/lib/amd64/libnet.so
7f9082c10000-7f9082c11000 rw-p 00016000 08:02 40381489                   /usr/bin/jdk1.8.0_91/jre/lib/amd64/libnet.so
7f9082c11000-7f9082c14000 ---p 00000000 00:00 0 
7f9082c14000-7f9082d12000 rw-p 00000000 00:00 0 
7f9082d12000-7f9082d13000 r-xp 00000000 08:02 48499766                   /home/yao/Application/idea-IC-145.597.3/bin/libbreakgen64.so
7f9082d13000-7f9082f12000 ---p 00001000 08:02 48499766                   /home/yao/Application/idea-IC-145.597.3/bin/libbreakgen64.so
7f9082f12000-7f9082f13000 r--p 00000000 08:02 48499766                   /home/yao/Application/idea-IC-145.597.3/bin/libbreakgen64.so
7f9082f13000-7f9082f14000 rw-p 00001000 08:02 48499766                   /home/yao/Application/idea-IC-145.597.3/bin/libbreakgen64.so
7f9082f14000-7f9082f15000 ---p 00000000 00:00 0 
7f9082f15000-7f9083015000 rw-p 00000000 00:00 0 
7f9083015000-7f9083018000 ---p 00000000 00:00 0 
7f9083018000-7f9083116000 rw-p 00000000 00:00 0 
7f9083116000-7f9083119000 ---p 00000000 00:00 0 
7f9083119000-7f9083217000 rw-p 00000000 00:00 0 
7f9083217000-7f908321a000 ---p 00000000 00:00 0 
7f908321a000-7f9083318000 rw-p 00000000 00:00 0 
7f9083318000-7f908331b000 ---p 00000000 00:00 0 
7f908331b000-7f9083419000 rw-p 00000000 00:00 0 
7f9083419000-7f908341c000 ---p 00000000 00:00 0 
7f908341c000-7f908351a000 rw-p 00000000 00:00 0 
7f908351a000-7f908351d000 ---p 00000000 00:00 0 
7f908351d000-7f908361b000 rw-p 00000000 00:00 0 
7f908361b000-7f9083cfd000 r--p 00000000 08:02 38279716                   /usr/lib/locale/locale-archive
7f9083cfd000-7f9083d00000 ---p 00000000 00:00 0 
7f9083d00000-7f9083dfe000 rw-p 00000000 00:00 0 
7f9083dfe000-7f9083e01000 ---p 00000000 00:00 0 
7f9083e01000-7f9083eff000 rw-p 00000000 00:00 0 
7f9083eff000-7f9083f00000 ---p 00000000 00:00 0 
7f9083f00000-7f9084000000 rw-p 00000000 00:00 0 
7f9084000000-7f9084021000 rw-p 00000000 00:00 0 
7f9084021000-7f9088000000 ---p 00000000 00:00 0 
7f9088000000-7f9088002000 r--s 0000c000 08:02 57674683                   /home/yao/.m2/repository/org/nd4j/nd4j-buffer/0.5.0/nd4j-buffer-0.5.0.jar
7f9088002000-7f9088009000 r--s 00053000 08:02 49939499                   /home/yao/.m2/repository/org/apache/commons/commons-compress/1.8/commons-compress-1.8.jar
7f9088009000-7f908800d000 r--s 0002a000 08:02 49153674                   /home/yao/.m2/repository/commons-io/commons-io/2.4/commons-io-2.4.jar
7f908800d000-7f9088017000 r--s 0005f000 08:02 49939497                   /home/yao/.m2/repository/ch/qos/logback/logback-core/1.1.2/logback-core-1.1.2.jar
7f9088017000-7f908801d000 r--s 0003d000 08:02 49939495                   /home/yao/.m2/repository/ch/qos/logback/logback-classic/1.1.2/logback-classic-1.1.2.jar
7f908801d000-7f908801e000 r--s 00007000 08:02 49939480                   /home/yao/.m2/repository/org/slf4j/slf4j-api/1.7.12/slf4j-api-1.7.12.jar
7f908801e000-7f908802d000 r--s 000c0000 08:02 57673954                   /home/yao/.m2/repository/org/deeplearning4j/deeplearning4j-core/0.5.0/deeplearning4j-core-0.5.0.jar
7f908802d000-7f908802e000 r--s 00104000 08:02 57674685                   /home/yao/.m2/repository/org/nd4j/nd4j-native/0.5.0/nd4j-native-0.5.0-linux-ppc64le.jar
7f908802e000-7f9088030000 r--s 00086000 08:02 57674681                   /home/yao/.m2/repository/org/nd4j/nd4j-native/0.5.0/nd4j-native-0.5.0-macosx-x86_64.jar
7f9088030000-7f9088043000 r--s 00344000 08:02 39995116                   /usr/bin/jdk1.8.0_91/jre/lib/resources.jar
7f9088043000-7f9088056000 r--s 000d6000 08:02 39995020                   /usr/bin/jdk1.8.0_91/jre/lib/plugin.jar
7f9088056000-7f9089c68000 rw-p 00000000 00:00 0 
7f9089c68000-7f9089e41000 r--s 03d1f000 08:02 39995078                   /usr/bin/jdk1.8.0_91/jre/lib/rt.jar
7f9089e41000-7f908a641000 rw-p 00000000 00:00 0 
7f908a641000-7f908b690000 rw-p 00000000 00:00 0 
7f908b690000-7f908c058000 ---p 00000000 00:00 0 
7f908c058000-7f908c100000 rw-p 00000000 00:00 0 
7f908c100000-7f908cac7000 ---p 00000000 00:00 0 
7f908cac7000-7f908cb1b000 rw-p 00000000 00:00 0 
7f908cb1b000-7f908cfff000 ---p 00000000 00:00 0 
7f908cfff000-7f908d000000 rw-p 00000000 00:00 0 
7f908d000000-7f908d470000 rwxp 00000000 00:00 0 
7f908d470000-7f909c000000 ---p 00000000 00:00 0 
7f909c000000-7f909ff12000 rw-p 00000000 00:00 0 
7f909ff12000-7f90a0000000 ---p 00000000 00:00 0 
7f90a0000000-7f90a0001000 r--s 0093b000 08:02 57674680                   /home/yao/.m2/repository/org/nd4j/nd4j-native/0.5.0/nd4j-native-0.5.0-windows-x86_64.jar
7f90a0001000-7f90a001c000 r--s 00208000 08:02 39994996                   /usr/bin/jdk1.8.0_91/jre/lib/deploy.jar
7f90a001c000-7f90a019f000 rw-p 00000000 00:00 0 
7f90a019f000-7f90a01a0000 ---p 00000000 00:00 0 
7f90a01a0000-7f90a02a0000 rw-p 00000000 00:00 0 
7f90a02a0000-7f90a02a1000 ---p 00000000 00:00 0 
7f90a02a1000-7f90a03a1000 rw-p 00000000 00:00 0 
7f90a03a1000-7f90a03a2000 ---p 00000000 00:00 0 
7f90a03a2000-7f90a04a2000 rw-p 00000000 00:00 0 
7f90a04a2000-7f90a04a3000 ---p 00000000 00:00 0 
7f90a04a3000-7f90a05a3000 rw-p 00000000 00:00 0 
7f90a05a3000-7f90a05a4000 ---p 00000000 00:00 0 
7f90a05a4000-7f90a06a4000 rw-p 00000000 00:00 0 
7f90a06a4000-7f90a06a5000 ---p 00000000 00:00 0 
7f90a06a5000-7f90a07a5000 rw-p 00000000 00:00 0 
7f90a07a5000-7f90a07a6000 ---p 00000000 00:00 0 
7f90a07a6000-7f90a08a6000 rw-p 00000000 00:00 0 
7f90a08a6000-7f90a08a7000 ---p 00000000 00:00 0 
7f90a08a7000-7f90a09b9000 rw-p 00000000 00:00 0 
7f90a09b9000-7f90a0d67000 ---p 00000000 00:00 0 
7f90a0d67000-7f90a0d81000 r-xp 00000000 08:02 40381485                   /usr/bin/jdk1.8.0_91/jre/lib/amd64/libzip.so
7f90a0d81000-7f90a0f81000 ---p 0001a000 08:02 40381485                   /usr/bin/jdk1.8.0_91/jre/lib/amd64/libzip.so
7f90a0f81000-7f90a0f82000 rw-p 0001a000 08:02 40381485                   /usr/bin/jdk1.8.0_91/jre/lib/amd64/libzip.so
7f90a0f82000-7f90a0f8c000 r-xp 00000000 08:02 38797589                   /lib/x86_64-linux-gnu/libnss_files-2.19.so
7f90a0f8c000-7f90a118b000 ---p 0000a000 08:02 38797589                   /lib/x86_64-linux-gnu/libnss_files-2.19.so
7f90a118b000-7f90a118c000 r--p 00009000 08:02 38797589                   /lib/x86_64-linux-gnu/libnss_files-2.19.so
7f90a118c000-7f90a118d000 rw-p 0000a000 08:02 38797589                   /lib/x86_64-linux-gnu/libnss_files-2.19.so
7f90a118d000-7f90a1198000 r-xp 00000000 08:02 38797581                   /lib/x86_64-linux-gnu/libnss_nis-2.19.so
7f90a1198000-7f90a1397000 ---p 0000b000 08:02 38797581                   /lib/x86_64-linux-gnu/libnss_nis-2.19.so
7f90a1397000-7f90a1398000 r--p 0000a000 08:02 38797581                   /lib/x86_64-linux-gnu/libnss_nis-2.19.so
7f90a1398000-7f90a1399000 rw-p 0000b000 08:02 38797581                   /lib/x86_64-linux-gnu/libnss_nis-2.19.so
7f90a1399000-7f90a13b0000 r-xp 00000000 08:02 38797577                   /lib/x86_64-linux-gnu/libnsl-2.19.so
7f90a13b0000-7f90a15af000 ---p 00017000 08:02 38797577                   /lib/x86_64-linux-gnu/libnsl-2.19.so
7f90a15af000-7f90a15b0000 r--p 00016000 08:02 38797577                   /lib/x86_64-linux-gnu/libnsl-2.19.so
7f90a15b0000-7f90a15b1000 rw-p 00017000 08:02 38797577                   /lib/x86_64-linux-gnu/libnsl-2.19.so
7f90a15b1000-7f90a15b3000 rw-p 00000000 00:00 0 
7f90a15b3000-7f90a15bc000 r-xp 00000000 08:02 38797576                   /lib/x86_64-linux-gnu/libnss_compat-2.19.so
7f90a15bc000-7f90a17bb000 ---p 00009000 08:02 38797576                   /lib/x86_64-linux-gnu/libnss_compat-2.19.so
7f90a17bb000-7f90a17bc000 r--p 00008000 08:02 38797576                   /lib/x86_64-linux-gnu/libnss_compat-2.19.so
7f90a17bc000-7f90a17bd000 rw-p 00009000 08:02 38797576                   /lib/x86_64-linux-gnu/libnss_compat-2.19.so
7f90a17bd000-7f90a17e7000 r-xp 00000000 08:02 40381480                   /usr/bin/jdk1.8.0_91/jre/lib/amd64/libjava.so
7f90a17e7000-7f90a19e7000 ---p 0002a000 08:02 40381480                   /usr/bin/jdk1.8.0_91/jre/lib/amd64/libjava.so
7f90a19e7000-7f90a19e9000 rw-p 0002a000 08:02 40381480                   /usr/bin/jdk1.8.0_91/jre/lib/amd64/libjava.so
7f90a19e9000-7f90a19f6000 r-xp 00000000 08:02 40381484                   /usr/bin/jdk1.8.0_91/jre/lib/amd64/libverify.so
7f90a19f6000-7f90a1bf6000 ---p 0000d000 08:02 40381484                   /usr/bin/jdk1.8.0_91/jre/lib/amd64/libverify.so
7f90a1bf6000-7f90a1bf8000 rw-p 0000d000 08:02 40381484                   /usr/bin/jdk1.8.0_91/jre/lib/amd64/libverify.so
7f90a1bf8000-7f90a1bff000 r-xp 00000000 08:02 38797585                   /lib/x86_64-linux-gnu/librt-2.19.so
7f90a1bff000-7f90a1dfe000 ---p 00007000 08:02 38797585                   /lib/x86_64-linux-gnu/librt-2.19.so
7f90a1dfe000-7f90a1dff000 r--p 00006000 08:02 38797585                   /lib/x86_64-linux-gnu/librt-2.19.so
7f90a1dff000-7f90a1e00000 rw-p 00007000 08:02 38797585                   /lib/x86_64-linux-gnu/librt-2.19.so
7f90a1e00000-7f90a1f05000 r-xp 00000000 08:02 38797571                   /lib/x86_64-linux-gnu/libm-2.19.so
7f90a1f05000-7f90a2104000 ---p 00105000 08:02 38797571                   /lib/x86_64-linux-gnu/libm-2.19.so
7f90a2104000-7f90a2105000 r--p 00104000 08:02 38797571                   /lib/x86_64-linux-gnu/libm-2.19.so
7f90a2105000-7f90a2106000 rw-p 00105000 08:02 38797571                   /lib/x86_64-linux-gnu/libm-2.19.so
7f90a2106000-7f90a2dc6000 r-xp 00000000 08:02 40381463                   /usr/bin/jdk1.8.0_91/jre/lib/amd64/server/libjvm.so
7f90a2dc6000-7f90a2fc6000 ---p 00cc0000 08:02 40381463                   /usr/bin/jdk1.8.0_91/jre/lib/amd64/server/libjvm.so
7f90a2fc6000-7f90a309e000 rw-p 00cc0000 08:02 40381463                   /usr/bin/jdk1.8.0_91/jre/lib/amd64/server/libjvm.so
7f90a309e000-7f90a30e9000 rw-p 00000000 00:00 0 
7f90a30e9000-7f90a32a3000 r-xp 00000000 08:02 38797586                   /lib/x86_64-linux-gnu/libc-2.19.so
7f90a32a3000-7f90a34a3000 ---p 001ba000 08:02 38797586                   /lib/x86_64-linux-gnu/libc-2.19.so
7f90a34a3000-7f90a34a7000 r--p 001ba000 08:02 38797586                   /lib/x86_64-linux-gnu/libc-2.19.so
7f90a34a7000-7f90a34a9000 rw-p 001be000 08:02 38797586                   /lib/x86_64-linux-gnu/libc-2.19.so
7f90a34a9000-7f90a34ae000 rw-p 00000000 00:00 0 
7f90a34ae000-7f90a34b1000 r-xp 00000000 08:02 38797573                   /lib/x86_64-linux-gnu/libdl-2.19.so
7f90a34b1000-7f90a36b0000 ---p 00003000 08:02 38797573                   /lib/x86_64-linux-gnu/libdl-2.19.so
7f90a36b0000-7f90a36b1000 r--p 00002000 08:02 38797573                   /lib/x86_64-linux-gnu/libdl-2.19.so
7f90a36b1000-7f90a36b2000 rw-p 00003000 08:02 38797573                   /lib/x86_64-linux-gnu/libdl-2.19.so
7f90a36b2000-7f90a36c7000 r-xp 00000000 08:02 39994898                   /usr/bin/jdk1.8.0_91/lib/amd64/jli/libjli.so
7f90a36c7000-7f90a38c7000 ---p 00015000 08:02 39994898                   /usr/bin/jdk1.8.0_91/lib/amd64/jli/libjli.so
7f90a38c7000-7f90a38c8000 rw-p 00015000 08:02 39994898                   /usr/bin/jdk1.8.0_91/lib/amd64/jli/libjli.so
7f90a38c8000-7f90a38e1000 r-xp 00000000 08:02 38797578                   /lib/x86_64-linux-gnu/libpthread-2.19.so
7f90a38e1000-7f90a3ae0000 ---p 00019000 08:02 38797578                   /lib/x86_64-linux-gnu/libpthread-2.19.so
7f90a3ae0000-7f90a3ae1000 r--p 00018000 08:02 38797578                   /lib/x86_64-linux-gnu/libpthread-2.19.so
7f90a3ae1000-7f90a3ae2000 rw-p 00019000 08:02 38797578                   /lib/x86_64-linux-gnu/libpthread-2.19.so
7f90a3ae2000-7f90a3ae6000 rw-p 00000000 00:00 0 
7f90a3ae6000-7f90a3b07000 r-xp 00000000 08:02 48501797                   /usr/lib/x86_64-linux-gnu/libgomp.so.1.0.0
7f90a3b07000-7f90a3d06000 ---p 00021000 08:02 48501797                   /usr/lib/x86_64-linux-gnu/libgomp.so.1.0.0
7f90a3d06000-7f90a3d07000 r--p 00020000 08:02 48501797                   /usr/lib/x86_64-linux-gnu/libgomp.so.1.0.0
7f90a3d07000-7f90a3d08000 rw-p 00021000 08:02 48501797                   /usr/lib/x86_64-linux-gnu/libgomp.so.1.0.0
7f90a3d08000-7f90a3d2b000 r-xp 00000000 08:02 38797579                   /lib/x86_64-linux-gnu/ld-2.19.so
7f90a3d2b000-7f90a3d2c000 r--s 00818000 08:02 57673988                   /home/yao/.m2/repository/org/nd4j/nd4j-native/0.5.0/nd4j-native-0.5.0-linux-x86_64.jar
7f90a3d2c000-7f90a3d2d000 r--s 00002000 08:02 57673971                   /home/yao/.m2/repository/org/nd4j/nd4j-native-api/0.5.0/nd4j-native-api-0.5.0.jar
7f90a3d2d000-7f90a3d2f000 r--s 00009000 08:02 57673984                   /home/yao/.m2/repository/org/nd4j/nd4j-native/0.5.0/nd4j-native-0.5.0.jar
7f90a3d2f000-7f90a3d30000 r--s 00000000 08:02 50070143                   /home/yao/.m2/repository/org/nd4j/nd4j-native-platform/0.5.0/nd4j-native-platform-0.5.0.jar
7f90a3d30000-7f90a3d34000 r--s 00097000 08:02 39995130                   /usr/bin/jdk1.8.0_91/jre/lib/jsse.jar
7f90a3d34000-7f90a3d36000 r--s 00007000 08:02 39995162                   /usr/bin/jdk1.8.0_91/jre/lib/jfxswt.jar
7f90a3d36000-7f90a3d3b000 r--s 00084000 08:02 39994995                   /usr/bin/jdk1.8.0_91/jre/lib/jfr.jar
7f90a3d3b000-7f90a3d3e000 r--s 0001a000 08:02 39995160                   /usr/bin/jdk1.8.0_91/jre/lib/jce.jar
7f90a3d3e000-7f90a3e03000 rw-p 00000000 00:00 0 
7f90a3e03000-7f90a3e06000 ---p 00000000 00:00 0 
7f90a3e06000-7f90a3f09000 rw-p 00000000 00:00 0 
7f90a3f09000-7f90a3f0a000 r--s 00000000 08:02 39995002                   /usr/bin/jdk1.8.0_91/jre/lib/management-agent.jar
7f90a3f0a000-7f90a3f14000 r--s 0006c000 08:02 39995005                   /usr/bin/jdk1.8.0_91/jre/lib/javaws.jar
7f90a3f14000-7f90a3f1a000 r--s 002f8000 08:02 39995076                   /usr/bin/jdk1.8.0_91/jre/lib/charsets.jar
7f90a3f1a000-7f90a3f1c000 r--s 00023000 08:02 48628509                   /home/yao/Application/idea-IC-145.597.3/plugins/junit/lib/junit-rt.jar
7f90a3f1c000-7f90a3f1e000 r--s 0001e000 08:02 48497766                   /home/yao/Application/idea-IC-145.597.3/lib/idea_rt.jar
7f90a3f1e000-7f90a3f26000 rw-s 00000000 08:02 3934686                    /tmp/hsperfdata_yao/7844
7f90a3f26000-7f90a3f27000 rw-p 00000000 00:00 0 
7f90a3f27000-7f90a3f28000 r--p 00000000 00:00 0 
7f90a3f28000-7f90a3f2a000 rw-p 00000000 00:00 0 
7f90a3f2a000-7f90a3f2b000 r--p 00022000 08:02 38797579                   /lib/x86_64-linux-gnu/ld-2.19.so
7f90a3f2b000-7f90a3f2c000 rw-p 00023000 08:02 38797579                   /lib/x86_64-linux-gnu/ld-2.19.so
7f90a3f2c000-7f90a3f2d000 rw-p 00000000 00:00 0 
7ffe439d4000-7ffe439fa000 rw-p 00000000 00:00 0                          [stack]
7ffe439fb000-7ffe439fd000 r--p 00000000 00:00 0                          [vvar]
7ffe439fd000-7ffe439ff000 r-xp 00000000 00:00 0                          [vdso]
ffffffffff600000-ffffffffff601000 r-xp 00000000 00:00 0                  [vsyscall]

VM Arguments:
jvm_args: -ea -Didea.launcher.port=7537 -Didea.launcher.bin.path=/home/yao/Application/idea-IC-145.597.3/bin -Didea.junit.sm_runner -Dfile.encoding=UTF-8 
java_command: com.intellij.rt.execution.application.AppMain com.intellij.rt.execution.junit.JUnitStarter -ideVersion5 DL4JTest,testMath
java_class_path (initial): /home/yao/Application/idea-IC-145.597.3/lib/idea_rt.jar:/home/yao/Application/idea-IC-145.597.3/plugins/junit/lib/junit-rt.jar:/usr/bin/jdk1.8.0_91/jre/lib/charsets.jar:/usr/bin/jdk1.8.0_91/jre/lib/deploy.jar:/usr/bin/jdk1.8.0_91/jre/lib/ext/cldrdata.jar:/usr/bin/jdk1.8.0_91/jre/lib/ext/dnsns.jar:/usr/bin/jdk1.8.0_91/jre/lib/ext/jaccess.jar:/usr/bin/jdk1.8.0_91/jre/lib/ext/jfxrt.jar:/usr/bin/jdk1.8.0_91/jre/lib/ext/localedata.jar:/usr/bin/jdk1.8.0_91/jre/lib/ext/nashorn.jar:/usr/bin/jdk1.8.0_91/jre/lib/ext/sunec.jar:/usr/bin/jdk1.8.0_91/jre/lib/ext/sunjce_provider.jar:/usr/bin/jdk1.8.0_91/jre/lib/ext/sunpkcs11.jar:/usr/bin/jdk1.8.0_91/jre/lib/ext/zipfs.jar:/usr/bin/jdk1.8.0_91/jre/lib/javaws.jar:/usr/bin/jdk1.8.0_91/jre/lib/jce.jar:/usr/bin/jdk1.8.0_91/jre/lib/jfr.jar:/usr/bin/jdk1.8.0_91/jre/lib/jfxswt.jar:/usr/bin/jdk1.8.0_91/jre/lib/jsse.jar:/usr/bin/jdk1.8.0_91/jre/lib/management-agent.jar:/usr/bin/jdk1.8.0_91/jre/lib/plugin.jar:/usr/bin/jdk1.8.0_91/jre/lib/resources.jar:/usr/bin/jdk1.8.0_91/jre/lib/rt.jar:/home/yao/git/dl4j-0.4-Test/target/test-classes:/home/yao/git/dl4j-0.4-Test/target/classes:/home/yao/.m2/repository/org/nd4j/nd4j-native-platform/0.5.0/nd4j-native-platform-0.5.0.jar:/home/yao/.m2/repository/org/nd4j/nd4j-native/0.5.0/nd4j-native-0.5.0.jar:/home/yao/.m2/repository/org/nd4j/nd4j-native-api/0.5.0/nd4j-native-api-0.5.0.jar:/home/yao/.m2/repository/org/nd4j/nd4j-native/0.5.0/nd4j-native-0.5.0-linux-x86_64.jar:/home/yao/.m2/repository/org/nd4j/nd4j-native/0.5.0/nd4j-native-0.5.0-macosx-x86_64.jar:/home/yao/.m2/repository/org/nd4j/nd4j-native/0.5.0/nd4j-native-0.5.0-windows-x86_64.jar:/home/yao/.m2/repository/org/nd4j/nd4j-native/0.5.0/nd4j-native-0.5.0-linux-ppc64le.jar:/home/yao/.m2/repository/org/deeplearning4j/deeplearning4j-core/0.5.0/deeplearning4j-core-0.5.0.jar:/home/yao/.m2/repository/org/slf4j/slf4j-api/1.7.12/slf4j-api-1.7.12.jar:/home/yao/.m2/repository/ch/qos/logback/logback-classic/1.1.2/logback-classic-1.1
Launcher Type: SUN_STANDARD

Environment Variables:
PATH=/home/yao/torch/install/bin:/home/yao/torch/install/bin:/home/yao/torch/install/bin:/home/yao/torch/install/bin:/home/yao/torch/install/bin:/usr/lib/apache-maven-3.3.9/bin:/usr/local/sbin:/usr/local/bin:/usr/sbin:/usr/bin:/sbin:/bin:/usr/games:/usr/local/games
LD_LIBRARY_PATH=/home/yao/Application/idea-IC-145.597.3/bin:/home/yao/torch/install/lib:/home/yao/torch/install/lib:/home/yao/torch/install/lib:/home/yao/torch/install/lib:/home/yao/torch/install/lib::/opt/intel/lib/intel64:/opt/intel/mkl/lib/intel64
LD_PRELOAD=/usr/lib/x86_64-linux-gnu/libgomp.so.1.0.0
SHELL=/bin/zsh
DISPLAY=:0
DYLD_LIBRARY_PATH=/home/yao/torch/install/lib:/home/yao/torch/install/lib:/home/yao/torch/install/lib:/home/yao/torch/install/lib:/home/yao/torch/install/lib:

Signal Handlers:
SIGSEGV: [libjvm.so+0xabca10], sa_mask[0]=11111111011111111101111111111110, sa_flags=SA_RESTART|SA_SIGINFO
SIGBUS: [libjvm.so+0xabca10], sa_mask[0]=11111111011111111101111111111110, sa_flags=SA_RESTART|SA_SIGINFO
SIGFPE: [libjvm.so+0x919a20], sa_mask[0]=11111111011111111101111111111110, sa_flags=SA_RESTART|SA_SIGINFO
SIGPIPE: [libjvm.so+0x919a20], sa_mask[0]=11111111011111111101111111111110, sa_flags=SA_RESTART|SA_SIGINFO
SIGXFSZ: [libjvm.so+0x919a20], sa_mask[0]=11111111011111111101111111111110, sa_flags=SA_RESTART|SA_SIGINFO
SIGILL: [libjvm.so+0x919a20], sa_mask[0]=11111111011111111101111111111110, sa_flags=SA_RESTART|SA_SIGINFO
SIGUSR1: SIG_DFL, sa_mask[0]=00000000000000000000000000000000, sa_flags=none
SIGUSR2: [libjvm.so+0x91b050], sa_mask[0]=00100000000000000000000000000000, sa_flags=SA_RESTART|SA_SIGINFO
SIGHUP: [libjvm.so+0x91c450], sa_mask[0]=11111111011111111101111111111110, sa_flags=SA_RESTART|SA_SIGINFO
SIGINT: [libjvm.so+0x91c450], sa_mask[0]=11111111011111111101111111111110, sa_flags=SA_RESTART|SA_SIGINFO
SIGTERM: [libjvm.so+0x91c450], sa_mask[0]=11111111011111111101111111111110, sa_flags=SA_RESTART|SA_SIGINFO
SIGQUIT: [libjvm.so+0x91c450], sa_mask[0]=11111111011111111101111111111110, sa_flags=SA_RESTART|SA_SIGINFO


---------------  S Y S T E M  ---------------

OS:DISTRIB_ID=Ubuntu
DISTRIB_RELEASE=14.04
DISTRIB_CODENAME=trusty
DISTRIB_DESCRIPTION="Ubuntu 14.04.4 LTS"

uname:Linux 3.19.0-59-generic #66~14.04.1-Ubuntu SMP Fri May 13 17:27:10 UTC 2016 x86_64
libc:glibc 2.19 NPTL 2.19 
rlimit: STACK 8192k, CORE 0k, NPROC 127886, NOFILE 4096, AS infinity
load average:4.28 1.64 0.78

/proc/meminfo:
MemTotal:       32822964 kB
MemFree:         4756360 kB
MemAvailable:    7502444 kB
Buffers:          492968 kB
Cached:          2445564 kB
SwapCached:          432 kB
Active:         23996420 kB
Inactive:        3064880 kB
Active(anon):   22845192 kB
Inactive(anon):  1936588 kB
Active(file):    1151228 kB
Inactive(file):  1128292 kB
Unevictable:          32 kB
Mlocked:              32 kB
SwapTotal:      33428476 kB
SwapFree:       33391884 kB
Dirty:             38588 kB
Writeback:             0 kB
AnonPages:      24136760 kB
Mapped:           652132 kB
Shmem:            659012 kB
Slab:             777320 kB
SReclaimable:     719980 kB
SUnreclaim:        57340 kB
KernelStack:       17616 kB
PageTables:        87772 kB
NFS_Unstable:          0 kB
Bounce:                0 kB
WritebackTmp:          0 kB
CommitLimit:    49839956 kB
Committed_AS:   33912360 kB
VmallocTotal:   34359738367 kB
VmallocUsed:      612088 kB
VmallocChunk:   34358956924 kB
HardwareCorrupted:     0 kB
AnonHugePages:  21438464 kB
CmaTotal:              0 kB
CmaFree:               0 kB
HugePages_Total:       0
HugePages_Free:        0
HugePages_Rsvd:        0
HugePages_Surp:        0
Hugepagesize:       2048 kB
DirectMap4k:      116544 kB
DirectMap2M:     5001216 kB
DirectMap1G:    28311552 kB


CPU:total 8 (4 cores per cpu, 2 threads per core) family 6 model 94 stepping 3, cmov, cx8, fxsr, mmx, sse, sse2, sse3, ssse3, sse4.1, sse4.2, popcnt, avx, avx2, aes, clmul, erms, rtm, 3dnowpref, lzcnt, ht, tsc, tscinvbit, bmi1, bmi2, adx

/proc/cpuinfo:
processor	: 0
vendor_id	: GenuineIntel
cpu family	: 6
model		: 94
model name	: Intel(R) Core(TM) i7-6700K CPU @ 4.00GHz
stepping	: 3
microcode	: 0x39
cpu MHz		: 800.000
cache size	: 8192 KB
physical id	: 0
siblings	: 8
core id		: 0
cpu cores	: 4
apicid		: 0
initial apicid	: 0
fpu		: yes
fpu_exception	: yes
cpuid level	: 22
wp		: yes
flags		: fpu vme de pse tsc msr pae mce cx8 apic sep mtrr pge mca cmov pat pse36 clflush dts acpi mmx fxsr sse sse2 ss ht tm pbe syscall nx pdpe1gb rdtscp lm constant_tsc arch_perfmon pebs bts rep_good nopl xtopology nonstop_tsc aperfmperf eagerfpu pni pclmulqdq dtes64 monitor ds_cpl vmx est tm2 ssse3 fma cx16 xtpr pdcm pcid sse4_1 sse4_2 x2apic movbe popcnt tsc_deadline_timer aes xsave avx f16c rdrand lahf_lm abm 3dnowprefetch ida arat pln pts dtherm hwp hwp_noitfy hwp_act_window hwp_epp tpr_shadow vnmi flexpriority ept vpid fsgsbase tsc_adjust bmi1 hle avx2 smep bmi2 erms invpcid rtm mpx rdseed adx smap clflushopt xsaveopt xsavec xgetbv1
bugs		:
bogomips	: 8012.43
clflush size	: 64
cache_alignment	: 64
address sizes	: 39 bits physical, 48 bits virtual
power management:

processor	: 1
vendor_id	: GenuineIntel
cpu family	: 6
model		: 94
model name	: Intel(R) Core(TM) i7-6700K CPU @ 4.00GHz
stepping	: 3
microcode	: 0x39
cpu MHz		: 1000.000
cache size	: 8192 KB
physical id	: 0
siblings	: 8
core id		: 1
cpu cores	: 4
apicid		: 2
initial apicid	: 2
fpu		: yes
fpu_exception	: yes
cpuid level	: 22
wp		: yes
flags		: fpu vme de pse tsc msr pae mce cx8 apic sep mtrr pge mca cmov pat pse36 clflush dts acpi mmx fxsr sse sse2 ss ht tm pbe syscall nx pdpe1gb rdtscp lm constant_tsc arch_perfmon pebs bts rep_good nopl xtopology nonstop_tsc aperfmperf eagerfpu pni pclmulqdq dtes64 monitor ds_cpl vmx est tm2 ssse3 fma cx16 xtpr pdcm pcid sse4_1 sse4_2 x2apic movbe popcnt tsc_deadline_timer aes xsave avx f16c rdrand lahf_lm abm 3dnowprefetch ida arat pln pts dtherm hwp hwp_noitfy hwp_act_window hwp_epp tpr_shadow vnmi flexpriority ept vpid fsgsbase tsc_adjust bmi1 hle avx2 smep bmi2 erms invpcid rtm mpx rdseed adx smap clflushopt xsaveopt xsavec xgetbv1
bugs		:
bogomips	: 8012.43
clflush size	: 64
cache_alignment	: 64
address sizes	: 39 bits physical, 48 bits virtual
power management:

processor	: 2
vendor_id	: GenuineIntel
cpu family	: 6
model		: 94
model name	: Intel(R) Core(TM) i7-6700K CPU @ 4.00GHz
stepping	: 3
microcode	: 0x39
cpu MHz		: 800.000
cache size	: 8192 KB
physical id	: 0
siblings	: 8
core id		: 2
cpu cores	: 4
apicid		: 4
initial apicid	: 4
fpu		: yes
fpu_exception	: yes
cpuid level	: 22
wp		: yes
flags		: fpu vme de pse tsc msr pae mce cx8 apic sep mtrr pge mca cmov pat pse36 clflush dts acpi mmx fxsr sse sse2 ss ht tm pbe syscall nx pdpe1gb rdtscp lm constant_tsc arch_perfmon pebs bts rep_good nopl xtopology nonstop_tsc aperfmperf eagerfpu pni pclmulqdq dtes64 monitor ds_cpl vmx est tm2 ssse3 fma cx16 xtpr pdcm pcid sse4_1 sse4_2 x2apic movbe popcnt tsc_deadline_timer aes xsave avx f16c rdrand lahf_lm abm 3dnowprefetch ida arat pln pts dtherm hwp hwp_noitfy hwp_act_window hwp_epp tpr_shadow vnmi flexpriority ept vpid fsgsbase tsc_adjust bmi1 hle avx2 smep bmi2 erms invpcid rtm mpx rdseed adx smap clflushopt xsaveopt xsavec xgetbv1
bugs		:
bogomips	: 8012.43
clflush size	: 64
cache_alignment	: 64
address sizes	: 39 bits physical, 48 bits virtual
power management:

processor	: 3
vendor_id	: GenuineIntel
cpu family	: 6
model		: 94
model name	: Intel(R) Core(TM) i7-6700K CPU @ 4.00GHz
stepping	: 3
microcode	: 0x39
cpu MHz		: 800.000
cache size	: 8192 KB
physical id	: 0
siblings	: 8
core id		: 3
cpu cores	: 4
apicid		: 6
initial apicid	: 6
fpu		: yes
fpu_exception	: yes
cpuid level	: 22
wp		: yes
flags		: fpu vme de pse tsc msr pae mce cx8 apic sep mtrr pge mca cmov pat pse36 clflush dts acpi mmx fxsr sse sse2 ss ht tm pbe syscall nx pdpe1gb rdtscp lm constant_tsc arch_perfmon pebs bts rep_good nopl xtopology nonstop_tsc aperfmperf eagerfpu pni pclmulqdq dtes64 monitor ds_cpl vmx est tm2 ssse3 fma cx16 xtpr pdcm pcid sse4_1 sse4_2 x2apic movbe popcnt tsc_deadline_timer aes xsave avx f16c rdrand lahf_lm abm 3dnowprefetch ida arat pln pts dtherm hwp hwp_noitfy hwp_act_window hwp_epp tpr_shadow vnmi flexpriority ept vpid fsgsbase tsc_adjust bmi1 hle avx2 smep bmi2 erms invpcid rtm mpx rdseed adx smap clflushopt xsaveopt xsavec xgetbv1
bugs		:
bogomips	: 8012.43
clflush size	: 64
cache_alignment	: 64
address sizes	: 39 bits physical, 48 bits virtual
power management:

processor	: 4
vendor_id	: GenuineIntel
cpu family	: 6
model		: 94
model name	: Intel(R) Core(TM) i7-6700K CPU @ 4.00GHz
stepping	: 3
microcode	: 0x39
cpu MHz		: 800.000
cache size	: 8192 KB
physical id	: 0
siblings	: 8
core id		: 0
cpu cores	: 4
apicid		: 1
initial apicid	: 1
fpu		: yes
fpu_exception	: yes
cpuid level	: 22
wp		: yes
flags		: fpu vme de pse tsc msr pae mce cx8 apic sep mtrr pge mca cmov pat pse36 clflush dts acpi mmx fxsr sse sse2 ss ht tm pbe syscall nx pdpe1gb rdtscp lm constant_tsc arch_perfmon pebs bts rep_good nopl xtopology nonstop_tsc aperfmperf eagerfpu pni pclmulqdq dtes64 monitor ds_cpl vmx est tm2 ssse3 fma cx16 xtpr pdcm pcid sse4_1 sse4_2 x2apic movbe popcnt tsc_deadline_timer aes xsave avx f16c rdrand lahf_lm abm 3dnowprefetch ida arat pln pts dtherm hwp hwp_noitfy hwp_act_window hwp_epp tpr_shadow vnmi flexpriority ept vpid fsgsbase tsc_adjust bmi1 hle avx2 smep bmi2 erms invpcid rtm mpx rdseed adx smap clflushopt xsaveopt xsavec xgetbv1
bugs		:
bogomips	: 8012.43
clflush size	: 64
cache_alignment	: 64
address sizes	: 39 bits physical, 48 bits virtual
power management:

processor	: 5
vendor_id	: GenuineIntel
cpu family	: 6
model		: 94
model name	: Intel(R) Core(TM) i7-6700K CPU @ 4.00GHz
stepping	: 3
microcode	: 0x39
cpu MHz		: 800.000
cache size	: 8192 KB
physical id	: 0
siblings	: 8
core id		: 1
cpu cores	: 4
apicid		: 3
initial apicid	: 3
fpu		: yes
fpu_exception	: yes
cpuid level	: 22
wp		: yes
flags		: fpu vme de pse tsc msr pae mce cx8 apic sep mtrr pge mca cmov pat pse36 clflush dts acpi mmx fxsr sse sse2 ss ht tm pbe syscall nx pdpe1gb rdtscp lm constant_tsc arch_perfmon pebs bts rep_good nopl xtopology nonstop_tsc aperfmperf eagerfpu pni pclmulqdq dtes64 monitor ds_cpl vmx est tm2 ssse3 fma cx16 xtpr pdcm pcid sse4_1 sse4_2 x2apic movbe popcnt tsc_deadline_timer aes xsave avx f16c rdrand lahf_lm abm 3dnowprefetch ida arat pln pts dtherm hwp hwp_noitfy hwp_act_window hwp_epp tpr_shadow vnmi flexpriority ept vpid fsgsbase tsc_adjust bmi1 hle avx2 smep bmi2 erms invpcid rtm mpx rdseed adx smap clflushopt xsaveopt xsavec xgetbv1
bugs		:
bogomips	: 8012.43
clflush size	: 64
cache_alignment	: 64
address sizes	: 39 bits physical, 48 bits virtual
power management:

processor	: 6
vendor_id	: GenuineIntel
cpu family	: 6
model		: 94
model name	: Intel(R) Core(TM) i7-6700K CPU @ 4.00GHz
stepping	: 3
microcode	: 0x39
cpu MHz		: 4001.000
cache size	: 8192 KB
physical id	: 0
siblings	: 8
core id		: 2
cpu cores	: 4
apicid		: 5
initial apicid	: 5
fpu		: yes
fpu_exception	: yes
cpuid level	: 22
wp		: yes
flags		: fpu vme de pse tsc msr pae mce cx8 apic sep mtrr pge mca cmov pat pse36 clflush dts acpi mmx fxsr sse sse2 ss ht tm pbe syscall nx pdpe1gb rdtscp lm constant_tsc arch_perfmon pebs bts rep_good nopl xtopology nonstop_tsc aperfmperf eagerfpu pni pclmulqdq dtes64 monitor ds_cpl vmx est tm2 ssse3 fma cx16 xtpr pdcm pcid sse4_1 sse4_2 x2apic movbe popcnt tsc_deadline_timer aes xsave avx f16c rdrand lahf_lm abm 3dnowprefetch ida arat pln pts dtherm hwp hwp_noitfy hwp_act_window hwp_epp tpr_shadow vnmi flexpriority ept vpid fsgsbase tsc_adjust bmi1 hle avx2 smep bmi2 erms invpcid rtm mpx rdseed adx smap clflushopt xsaveopt xsavec xgetbv1
bugs		:
bogomips	: 8012.43
clflush size	: 64
cache_alignment	: 64
address sizes	: 39 bits physical, 48 bits virtual
power management:

processor	: 7
vendor_id	: GenuineIntel
cpu family	: 6
model		: 94
model name	: Intel(R) Core(TM) i7-6700K CPU @ 4.00GHz
stepping	: 3
microcode	: 0x39
cpu MHz		: 4001.000
cache size	: 8192 KB
physical id	: 0
siblings	: 8
core id		: 3
cpu cores	: 4
apicid		: 7
initial apicid	: 7
fpu		: yes
fpu_exception	: yes
cpuid level	: 22
wp		: yes
flags		: fpu vme de pse tsc msr pae mce cx8 apic sep mtrr pge mca cmov pat pse36 clflush dts acpi mmx fxsr sse sse2 ss ht tm pbe syscall nx pdpe1gb rdtscp lm constant_tsc arch_perfmon pebs bts rep_good nopl xtopology nonstop_tsc aperfmperf eagerfpu pni pclmulqdq dtes64 monitor ds_cpl vmx est tm2 ssse3 fma cx16 xtpr pdcm pcid sse4_1 sse4_2 x2apic movbe popcnt tsc_deadline_timer aes xsave avx f16c rdrand lahf_lm abm 3dnowprefetch ida arat pln pts dtherm hwp hwp_noitfy hwp_act_window hwp_epp tpr_shadow vnmi flexpriority ept vpid fsgsbase tsc_adjust bmi1 hle avx2 smep bmi2 erms invpcid rtm mpx rdseed adx smap clflushopt xsaveopt xsavec xgetbv1
bugs		:
bogomips	: 8012.43
clflush size	: 64
cache_alignment	: 64
address sizes	: 39 bits physical, 48 bits virtual
power management:



Memory: 4k page, physical 32822964k(4756360k free), swap 33428476k(33391884k free)

vm_info: Java HotSpot(TM) 64-Bit Server VM (25.91-b14) for linux-amd64 JRE (1.8.0_91-b14), built on Apr  1 2016 00:57:21 by "java_re" with gcc 4.3.0 20080428 (Red Hat 4.3.0-8)

time: Mon Sep 19 14:27:09 2016
elapsed time: 66 seconds (0d 0h 1m 6s)

